[0.069s] Invoking command in '/home/cone/ws_offboard_control/build/px4_offboard_control': CMAKE_PREFIX_PATH=/home/cone/ws_offboard_control/install/px4_msgs:/home/cone/ws_offboard_control/install/px4_offboard_control:/home/cone/ros2_ws/install/my_camera_pkg:/opt/ros/humble /usr/bin/cmake --build /home/cone/ws_offboard_control/build/px4_offboard_control -- -j4 -l4
[0.206s] -- Found ament_cmake: 1.3.11 (/opt/ros/humble/share/ament_cmake/cmake)
[0.869s] -- Found rclcpp: 16.0.12 (/opt/ros/humble/share/rclcpp/cmake)
[1.086s] -- Found rosidl_generator_c: 3.1.6 (/opt/ros/humble/share/rosidl_generator_c/cmake)
[1.099s] -- Found rosidl_adapter: 3.1.6 (/opt/ros/humble/share/rosidl_adapter/cmake)
[1.126s] -- Found rosidl_generator_cpp: 3.1.6 (/opt/ros/humble/share/rosidl_generator_cpp/cmake)
[1.171s] -- Using all available rosidl_typesupport_c: rosidl_typesupport_fastrtps_c;rosidl_typesupport_introspection_c
[1.229s] -- Using all available rosidl_typesupport_cpp: rosidl_typesupport_fastrtps_cpp;rosidl_typesupport_introspection_cpp
[1.375s] -- Found rmw_implementation_cmake: 6.1.2 (/opt/ros/humble/share/rmw_implementation_cmake/cmake)
[1.382s] -- Found rmw_fastrtps_cpp: 6.2.7 (/opt/ros/humble/share/rmw_fastrtps_cpp/cmake)
[2.650s] -- Using RMW implementation 'rmw_fastrtps_cpp' as default
[2.863s] -- Found px4_msgs: 2.0.1 (/home/cone/ws_offboard_control/install/px4_msgs/share/px4_msgs/cmake)
[2.915s] -- Found tf2: 0.25.12 (/opt/ros/humble/share/tf2/cmake)
[2.986s] -- Found tf2_geometry_msgs: 0.25.13 (/opt/ros/humble/share/tf2_geometry_msgs/cmake)
[3.002s] -- Found eigen3_cmake_module: 0.1.1 (/opt/ros/humble/share/eigen3_cmake_module/cmake)
[3.007s] -- Ensuring Eigen3 include directory is part of orocos-kdl CMake target
[3.363s] -- Found sensor_msgs: 4.8.0 (/opt/ros/humble/share/sensor_msgs/cmake)
[3.451s] -- Found ament_lint_auto: 0.12.12 (/opt/ros/humble/share/ament_lint_auto/cmake)
[3.826s] -- Added test 'cppcheck' to perform static code analysis on C / C++ code
[3.828s] -- Configured cppcheck include dirs: /home/cone/ws_offboard_control/src/px4_offboard_control/include;$<BUILD_INTERFACE:/home/cone/ws_offboard_control/src/px4_offboard_control/include>
[3.828s] -- Configured cppcheck exclude dirs and/or files: 
[3.833s] -- Added test 'flake8' to check Python code syntax and style conventions
[3.841s] -- Added test 'lint_cmake' to check CMake code style
[3.846s] -- Added test 'pep257' to check Python code against some of the docstring style conventions in PEP 257
[3.875s] -- Added test 'uncrustify' to check C / C++ code style
[3.875s] -- Configured uncrustify additional arguments: 
[3.880s] -- Added test 'xmllint' to check XML markup files
[3.887s] -- Configuring done
[4.014s] -- Generating done
[4.047s] -- Build files have been written to: /home/cone/ws_offboard_control/build/px4_offboard_control
[4.173s] [35m[1mConsolidate compiler generated dependencies of target offboard_control_default[0m
[4.216s] [ 25%] [32mBuilding CXX object CMakeFiles/offboard_control.dir/src/offboard_control.cpp.o[0m
[4.286s] [ 50%] [32mBuilding CXX object CMakeFiles/offboard_control_default.dir/src/offboard_control_default.cpp.o[0m
[6.422s] In file included from [01m[K/home/cone/ws_offboard_control/src/px4_offboard_control/src/offboard_control.cpp:14[m[K:
[6.422s] [01m[K/opt/ros/humble/include/tf2_geometry_msgs/tf2_geometry_msgs/tf2_geometry_msgs.h:35:2:[m[K [01;35m[Kwarning: [m[K#warning This header is obsolete, please include tf2_geometry_msgs/tf2_geometry_msgs.hpp instead [[01;35m[K]8;;https://gcc.gnu.org/onlinedocs/gcc/Warning-Options.html#index-Wcpp-Wcpp]8;;[m[K]
[6.423s]    35 | #[01;35m[Kwarning[m[K This header is obsolete, please include tf2_geometry_msgs/tf2_geometry_msgs.hpp instead
[6.423s]       |  [01;35m[K^~~~~~~[m[K
[32.162s] [ 75%] [32m[1mLinking CXX executable offboard_control_default[0m
[34.076s] [ 75%] Built target offboard_control_default
[50.547s] [100%] [32m[1mLinking CXX executable offboard_control[0m
[53.150s] [100%] Built target offboard_control
[53.197s] Invoked command in '/home/cone/ws_offboard_control/build/px4_offboard_control' returned '0': CMAKE_PREFIX_PATH=/home/cone/ws_offboard_control/install/px4_msgs:/home/cone/ws_offboard_control/install/px4_offboard_control:/home/cone/ros2_ws/install/my_camera_pkg:/opt/ros/humble /usr/bin/cmake --build /home/cone/ws_offboard_control/build/px4_offboard_control -- -j4 -l4
[53.246s] Invoking command in '/home/cone/ws_offboard_control/build/px4_offboard_control': CMAKE_PREFIX_PATH=/home/cone/ws_offboard_control/install/px4_msgs:/home/cone/ws_offboard_control/install/px4_offboard_control:/home/cone/ros2_ws/install/my_camera_pkg:/opt/ros/humble /usr/bin/cmake --install /home/cone/ws_offboard_control/build/px4_offboard_control
[53.281s] -- Install configuration: ""
[53.282s] -- Installing: /home/cone/ws_offboard_control/install/px4_offboard_control/lib/px4_offboard_control/offboard_control
[53.319s] -- Set runtime path of "/home/cone/ws_offboard_control/install/px4_offboard_control/lib/px4_offboard_control/offboard_control" to ""
[53.320s] -- Installing: /home/cone/ws_offboard_control/install/px4_offboard_control/lib/px4_offboard_control/offboard_control_default
[53.334s] -- Set runtime path of "/home/cone/ws_offboard_control/install/px4_offboard_control/lib/px4_offboard_control/offboard_control_default" to ""
[53.335s] -- Installing: /home/cone/ws_offboard_control/install/px4_offboard_control/include
[53.335s] -- Installing: /home/cone/ws_offboard_control/install/px4_offboard_control/include/px4_offboard_control
[53.337s] -- Installing: /home/cone/ws_offboard_control/install/px4_offboard_control/share/ament_index/resource_index/package_run_dependencies/px4_offboard_control
[53.345s] -- Installing: /home/cone/ws_offboard_control/install/px4_offboard_control/share/ament_index/resource_index/parent_prefix_path/px4_offboard_control
[53.348s] -- Installing: /home/cone/ws_offboard_control/install/px4_offboard_control/share/px4_offboard_control/environment/ament_prefix_path.sh
[53.350s] -- Installing: /home/cone/ws_offboard_control/install/px4_offboard_control/share/px4_offboard_control/environment/ament_prefix_path.dsv
[53.353s] -- Installing: /home/cone/ws_offboard_control/install/px4_offboard_control/share/px4_offboard_control/environment/path.sh
[53.355s] -- Installing: /home/cone/ws_offboard_control/install/px4_offboard_control/share/px4_offboard_control/environment/path.dsv
[53.357s] -- Installing: /home/cone/ws_offboard_control/install/px4_offboard_control/share/px4_offboard_control/local_setup.bash
[53.365s] -- Installing: /home/cone/ws_offboard_control/install/px4_offboard_control/share/px4_offboard_control/local_setup.sh
[53.368s] -- Installing: /home/cone/ws_offboard_control/install/px4_offboard_control/share/px4_offboard_control/local_setup.zsh
[53.372s] -- Installing: /home/cone/ws_offboard_control/install/px4_offboard_control/share/px4_offboard_control/local_setup.dsv
[53.374s] -- Installing: /home/cone/ws_offboard_control/install/px4_offboard_control/share/px4_offboard_control/package.dsv
[53.378s] -- Installing: /home/cone/ws_offboard_control/install/px4_offboard_control/share/ament_index/resource_index/packages/px4_offboard_control
[53.380s] -- Installing: /home/cone/ws_offboard_control/install/px4_offboard_control/share/px4_offboard_control/cmake/ament_cmake_export_dependencies-extras.cmake
[53.382s] -- Installing: /home/cone/ws_offboard_control/install/px4_offboard_control/share/px4_offboard_control/cmake/px4_offboard_controlConfig.cmake
[53.384s] -- Installing: /home/cone/ws_offboard_control/install/px4_offboard_control/share/px4_offboard_control/cmake/px4_offboard_controlConfig-version.cmake
[53.387s] -- Installing: /home/cone/ws_offboard_control/install/px4_offboard_control/share/px4_offboard_control/package.xml
[53.395s] Invoked command in '/home/cone/ws_offboard_control/build/px4_offboard_control' returned '0': CMAKE_PREFIX_PATH=/home/cone/ws_offboard_control/install/px4_msgs:/home/cone/ws_offboard_control/install/px4_offboard_control:/home/cone/ros2_ws/install/my_camera_pkg:/opt/ros/humble /usr/bin/cmake --install /home/cone/ws_offboard_control/build/px4_offboard_control
