[0.719s] DEBUG:colcon:Command line arguments: ['/usr/bin/colcon', 'build', '--symlink-install', '--packages-select', 'px4_offboard_control']
[0.719s] DEBUG:colcon:Parsed command line arguments: Namespace(log_base=None, log_level=None, verb_name='build', build_base='build', install_base='install', merge_install=False, symlink_install=True, test_result_base=None, continue_on_error=False, executor='parallel', parallel_workers=4, event_handlers=None, ignore_user_meta=False, metas=['./colcon.meta'], base_paths=['.'], packages_ignore=None, packages_ignore_regex=None, paths=None, packages_up_to=None, packages_up_to_regex=None, packages_above=None, packages_above_and_dependencies=None, packages_above_depth=None, packages_select_by_dep=None, packages_skip_by_dep=None, packages_skip_up_to=None, packages_select_build_failed=False, packages_skip_build_finished=False, packages_select_test_failures=False, packages_skip_test_passed=False, packages_select=['px4_offboard_control'], packages_skip=None, packages_select_regex=None, packages_skip_regex=None, packages_start=None, packages_end=None, allow_overriding=[], cmake_args=None, cmake_target=None, cmake_target_skip_unavailable=False, cmake_clean_cache=False, cmake_clean_first=False, cmake_force_configure=False, ament_cmake_args=None, catkin_cmake_args=None, catkin_skip_building_tests=False, mixin_files=None, mixin=None, verb_parser=<colcon_mixin.mixin.mixin_argument.MixinArgumentDecorator object at 0xffffbcc3bbb0>, verb_extension=<colcon_core.verb.build.BuildVerb object at 0xffffbce38be0>, main=<bound method BuildVerb.main of <colcon_core.verb.build.BuildVerb object at 0xffffbce38be0>>, mixin_verb=('build',))
[0.967s] Level 1:colcon.colcon_core.package_discovery:discover_packages(colcon_meta) check parameters
[0.968s] Level 1:colcon.colcon_core.package_discovery:discover_packages(recursive) check parameters
[0.968s] Level 1:colcon.colcon_core.package_discovery:discover_packages(ignore) check parameters
[0.968s] Level 1:colcon.colcon_core.package_discovery:discover_packages(path) check parameters
[0.968s] Level 1:colcon.colcon_core.package_discovery:discover_packages(colcon_meta) discover
[0.969s] Level 1:colcon.colcon_core.package_discovery:discover_packages(recursive) discover
[0.969s] INFO:colcon.colcon_core.package_discovery:Crawling recursively for packages in '/home/cone/ws_offboard_control'
[0.969s] Level 1:colcon.colcon_core.package_identification:_identify(.) by extensions ['ignore', 'ignore_ament_install']
[0.970s] Level 1:colcon.colcon_core.package_identification:_identify(.) by extension 'ignore'
[0.970s] Level 1:colcon.colcon_core.package_identification:_identify(.) by extension 'ignore_ament_install'
[0.971s] Level 1:colcon.colcon_core.package_identification:_identify(.) by extensions ['colcon_pkg']
[0.971s] Level 1:colcon.colcon_core.package_identification:_identify(.) by extension 'colcon_pkg'
[0.971s] Level 1:colcon.colcon_core.package_identification:_identify(.) by extensions ['colcon_meta']
[0.971s] Level 1:colcon.colcon_core.package_identification:_identify(.) by extension 'colcon_meta'
[0.972s] Level 1:colcon.colcon_core.package_identification:_identify(.) by extensions ['ros']
[0.972s] Level 1:colcon.colcon_core.package_identification:_identify(.) by extension 'ros'
[1.057s] Level 1:colcon.colcon_core.package_identification:_identify(.) by extensions ['cmake', 'python']
[1.057s] Level 1:colcon.colcon_core.package_identification:_identify(.) by extension 'cmake'
[1.057s] Level 1:colcon.colcon_core.package_identification:_identify(.) by extension 'python'
[1.057s] Level 1:colcon.colcon_core.package_identification:_identify(.) by extensions ['python_setup_py']
[1.058s] Level 1:colcon.colcon_core.package_identification:_identify(.) by extension 'python_setup_py'
[1.058s] Level 1:colcon.colcon_core.package_identification:_identify(build) by extensions ['ignore', 'ignore_ament_install']
[1.059s] Level 1:colcon.colcon_core.package_identification:_identify(build) by extension 'ignore'
[1.059s] Level 1:colcon.colcon_core.package_identification:_identify(build) ignored
[1.060s] Level 1:colcon.colcon_core.package_identification:_identify(install) by extensions ['ignore', 'ignore_ament_install']
[1.061s] Level 1:colcon.colcon_core.package_identification:_identify(install) by extension 'ignore'
[1.061s] Level 1:colcon.colcon_core.package_identification:_identify(install) ignored
[1.063s] Level 1:colcon.colcon_core.package_identification:_identify(log) by extensions ['ignore', 'ignore_ament_install']
[1.063s] Level 1:colcon.colcon_core.package_identification:_identify(log) by extension 'ignore'
[1.064s] Level 1:colcon.colcon_core.package_identification:_identify(log) ignored
[1.064s] Level 1:colcon.colcon_core.package_identification:_identify(src) by extensions ['ignore', 'ignore_ament_install']
[1.065s] Level 1:colcon.colcon_core.package_identification:_identify(src) by extension 'ignore'
[1.065s] Level 1:colcon.colcon_core.package_identification:_identify(src) by extension 'ignore_ament_install'
[1.065s] Level 1:colcon.colcon_core.package_identification:_identify(src) by extensions ['colcon_pkg']
[1.066s] Level 1:colcon.colcon_core.package_identification:_identify(src) by extension 'colcon_pkg'
[1.066s] Level 1:colcon.colcon_core.package_identification:_identify(src) by extensions ['colcon_meta']
[1.066s] Level 1:colcon.colcon_core.package_identification:_identify(src) by extension 'colcon_meta'
[1.067s] Level 1:colcon.colcon_core.package_identification:_identify(src) by extensions ['ros']
[1.067s] Level 1:colcon.colcon_core.package_identification:_identify(src) by extension 'ros'
[1.068s] Level 1:colcon.colcon_core.package_identification:_identify(src) by extensions ['cmake', 'python']
[1.068s] Level 1:colcon.colcon_core.package_identification:_identify(src) by extension 'cmake'
[1.068s] Level 1:colcon.colcon_core.package_identification:_identify(src) by extension 'python'
[1.069s] Level 1:colcon.colcon_core.package_identification:_identify(src) by extensions ['python_setup_py']
[1.069s] Level 1:colcon.colcon_core.package_identification:_identify(src) by extension 'python_setup_py'
[1.070s] Level 1:colcon.colcon_core.package_identification:_identify(src/px4_msgs) by extensions ['ignore', 'ignore_ament_install']
[1.070s] Level 1:colcon.colcon_core.package_identification:_identify(src/px4_msgs) by extension 'ignore'
[1.071s] Level 1:colcon.colcon_core.package_identification:_identify(src/px4_msgs) by extension 'ignore_ament_install'
[1.071s] Level 1:colcon.colcon_core.package_identification:_identify(src/px4_msgs) by extensions ['colcon_pkg']
[1.071s] Level 1:colcon.colcon_core.package_identification:_identify(src/px4_msgs) by extension 'colcon_pkg'
[1.071s] Level 1:colcon.colcon_core.package_identification:_identify(src/px4_msgs) by extensions ['colcon_meta']
[1.071s] Level 1:colcon.colcon_core.package_identification:_identify(src/px4_msgs) by extension 'colcon_meta'
[1.072s] Level 1:colcon.colcon_core.package_identification:_identify(src/px4_msgs) by extensions ['ros']
[1.072s] Level 1:colcon.colcon_core.package_identification:_identify(src/px4_msgs) by extension 'ros'
[1.085s] DEBUG:colcon.colcon_core.package_identification:Package 'src/px4_msgs' with type 'ros.ament_cmake' and name 'px4_msgs'
[1.086s] Level 1:colcon.colcon_core.package_identification:_identify(src/px4_offboard_control) by extensions ['ignore', 'ignore_ament_install']
[1.086s] Level 1:colcon.colcon_core.package_identification:_identify(src/px4_offboard_control) by extension 'ignore'
[1.087s] Level 1:colcon.colcon_core.package_identification:_identify(src/px4_offboard_control) by extension 'ignore_ament_install'
[1.087s] Level 1:colcon.colcon_core.package_identification:_identify(src/px4_offboard_control) by extensions ['colcon_pkg']
[1.088s] Level 1:colcon.colcon_core.package_identification:_identify(src/px4_offboard_control) by extension 'colcon_pkg'
[1.088s] Level 1:colcon.colcon_core.package_identification:_identify(src/px4_offboard_control) by extensions ['colcon_meta']
[1.088s] Level 1:colcon.colcon_core.package_identification:_identify(src/px4_offboard_control) by extension 'colcon_meta'
[1.089s] Level 1:colcon.colcon_core.package_identification:_identify(src/px4_offboard_control) by extensions ['ros']
[1.089s] Level 1:colcon.colcon_core.package_identification:_identify(src/px4_offboard_control) by extension 'ros'
[1.092s] DEBUG:colcon.colcon_core.package_identification:Package 'src/px4_offboard_control' with type 'ros.ament_cmake' and name 'px4_offboard_control'
[1.093s] Level 1:colcon.colcon_core.package_discovery:discover_packages(recursive) using defaults
[1.093s] Level 1:colcon.colcon_core.package_discovery:discover_packages(ignore) discover
[1.093s] Level 1:colcon.colcon_core.package_discovery:discover_packages(ignore) using defaults
[1.093s] Level 1:colcon.colcon_core.package_discovery:discover_packages(path) discover
[1.094s] Level 1:colcon.colcon_core.package_discovery:discover_packages(path) using defaults
[1.201s] INFO:colcon.colcon_core.package_selection:Skipping not selected package 'px4_msgs' in 'src/px4_msgs'
[1.203s] Level 1:colcon.colcon_core.package_discovery:discover_packages(prefix_path) check parameters
[1.203s] Level 1:colcon.colcon_core.package_discovery:discover_packages(prefix_path) discover
[1.220s] DEBUG:colcon.colcon_installed_package_information.package_discovery:Found 2 installed packages in /home/cone/ws_offboard_control/install
[1.223s] DEBUG:colcon.colcon_installed_package_information.package_discovery:Found 1 installed packages in /home/cone/ros2_ws/install
[1.235s] DEBUG:colcon.colcon_installed_package_information.package_discovery:Found 282 installed packages in /opt/ros/humble
[1.243s] Level 1:colcon.colcon_core.package_discovery:discover_packages(prefix_path) using defaults
[1.502s] Level 5:colcon.colcon_core.verb:set package 'px4_offboard_control' build argument 'cmake_args' from command line to 'None'
[1.503s] Level 5:colcon.colcon_core.verb:set package 'px4_offboard_control' build argument 'cmake_target' from command line to 'None'
[1.503s] Level 5:colcon.colcon_core.verb:set package 'px4_offboard_control' build argument 'cmake_target_skip_unavailable' from command line to 'False'
[1.503s] Level 5:colcon.colcon_core.verb:set package 'px4_offboard_control' build argument 'cmake_clean_cache' from command line to 'False'
[1.503s] Level 5:colcon.colcon_core.verb:set package 'px4_offboard_control' build argument 'cmake_clean_first' from command line to 'False'
[1.503s] Level 5:colcon.colcon_core.verb:set package 'px4_offboard_control' build argument 'cmake_force_configure' from command line to 'False'
[1.504s] Level 5:colcon.colcon_core.verb:set package 'px4_offboard_control' build argument 'ament_cmake_args' from command line to 'None'
[1.504s] Level 5:colcon.colcon_core.verb:set package 'px4_offboard_control' build argument 'catkin_cmake_args' from command line to 'None'
[1.504s] Level 5:colcon.colcon_core.verb:set package 'px4_offboard_control' build argument 'catkin_skip_building_tests' from command line to 'False'
[1.504s] DEBUG:colcon.colcon_core.verb:Building package 'px4_offboard_control' with the following arguments: {'ament_cmake_args': None, 'build_base': '/home/cone/ws_offboard_control/build/px4_offboard_control', 'catkin_cmake_args': None, 'catkin_skip_building_tests': False, 'cmake_args': None, 'cmake_clean_cache': False, 'cmake_clean_first': False, 'cmake_force_configure': False, 'cmake_target': None, 'cmake_target_skip_unavailable': False, 'install_base': '/home/cone/ws_offboard_control/install/px4_offboard_control', 'merge_install': False, 'path': '/home/cone/ws_offboard_control/src/px4_offboard_control', 'symlink_install': True, 'test_result_base': None}
[1.505s] INFO:colcon.colcon_core.executor:Executing jobs using 'parallel' executor
[1.509s] DEBUG:colcon.colcon_parallel_executor.executor.parallel:run_until_complete
[1.510s] INFO:colcon.colcon_ros.task.ament_cmake.build:Building ROS package in '/home/cone/ws_offboard_control/src/px4_offboard_control' with build type 'ament_cmake'
[1.511s] INFO:colcon.colcon_cmake.task.cmake.build:Building CMake package in '/home/cone/ws_offboard_control/src/px4_offboard_control'
[1.524s] INFO:colcon.colcon_core.plugin_system:Skipping extension 'colcon_core.shell.bat': Not used on non-Windows systems
[1.526s] INFO:colcon.colcon_core.shell:Skip shell extension 'powershell' for command environment: Not usable outside of PowerShell
[1.526s] DEBUG:colcon.colcon_core.shell:Skip shell extension 'dsv' for command environment
[1.589s] DEBUG:colcon.colcon_core.event_handler.log_command:Invoking command in '/home/cone/ws_offboard_control/build/px4_offboard_control': CMAKE_PREFIX_PATH=/home/cone/ws_offboard_control/install/px4_msgs:/home/cone/ws_offboard_control/install/px4_offboard_control:/home/cone/ros2_ws/install/my_camera_pkg:/opt/ros/humble /usr/bin/cmake --build /home/cone/ws_offboard_control/build/px4_offboard_control -- -j4 -l4
[54.067s] DEBUG:colcon.colcon_core.event_handler.log_command:Invoked command in '/home/cone/ws_offboard_control/build/px4_offboard_control' returned '0': CMAKE_PREFIX_PATH=/home/cone/ws_offboard_control/install/px4_msgs:/home/cone/ws_offboard_control/install/px4_offboard_control:/home/cone/ros2_ws/install/my_camera_pkg:/opt/ros/humble /usr/bin/cmake --build /home/cone/ws_offboard_control/build/px4_offboard_control -- -j4 -l4
[54.118s] DEBUG:colcon.colcon_core.event_handler.log_command:Invoking command in '/home/cone/ws_offboard_control/build/px4_offboard_control': CMAKE_PREFIX_PATH=/home/cone/ws_offboard_control/install/px4_msgs:/home/cone/ws_offboard_control/install/px4_offboard_control:/home/cone/ros2_ws/install/my_camera_pkg:/opt/ros/humble /usr/bin/cmake --install /home/cone/ws_offboard_control/build/px4_offboard_control
[54.222s] Level 1:colcon.colcon_core.environment:create_environment_scripts_only(px4_offboard_control)
[54.237s] DEBUG:colcon.colcon_core.event_handler.log_command:Invoked command in '/home/cone/ws_offboard_control/build/px4_offboard_control' returned '0': CMAKE_PREFIX_PATH=/home/cone/ws_offboard_control/install/px4_msgs:/home/cone/ws_offboard_control/install/px4_offboard_control:/home/cone/ros2_ws/install/my_camera_pkg:/opt/ros/humble /usr/bin/cmake --install /home/cone/ws_offboard_control/build/px4_offboard_control
[54.241s] Level 1:colcon.colcon_core.environment:checking '/home/cone/ws_offboard_control/install/px4_offboard_control' for CMake module files
[54.245s] Level 1:colcon.colcon_core.environment:checking '/home/cone/ws_offboard_control/install/px4_offboard_control' for CMake config files
[54.249s] Level 1:colcon.colcon_core.shell:create_environment_hook('px4_offboard_control', 'cmake_prefix_path')
[54.251s] INFO:colcon.colcon_core.shell:Creating environment hook '/home/cone/ws_offboard_control/install/px4_offboard_control/share/px4_offboard_control/hook/cmake_prefix_path.ps1'
[54.254s] INFO:colcon.colcon_core.shell:Creating environment descriptor '/home/cone/ws_offboard_control/install/px4_offboard_control/share/px4_offboard_control/hook/cmake_prefix_path.dsv'
[54.258s] INFO:colcon.colcon_core.shell:Creating environment hook '/home/cone/ws_offboard_control/install/px4_offboard_control/share/px4_offboard_control/hook/cmake_prefix_path.sh'
[54.264s] Level 1:colcon.colcon_core.environment:checking '/home/cone/ws_offboard_control/install/px4_offboard_control/lib'
[54.265s] Level 1:colcon.colcon_core.environment:checking '/home/cone/ws_offboard_control/install/px4_offboard_control/bin'
[54.266s] Level 1:colcon.colcon_core.environment:checking '/home/cone/ws_offboard_control/install/px4_offboard_control/lib/pkgconfig/px4_offboard_control.pc'
[54.267s] Level 1:colcon.colcon_core.environment:checking '/home/cone/ws_offboard_control/install/px4_offboard_control/lib/python3.10/site-packages'
[54.268s] Level 1:colcon.colcon_core.environment:checking '/home/cone/ws_offboard_control/install/px4_offboard_control/bin'
[54.270s] INFO:colcon.colcon_core.shell:Creating package script '/home/cone/ws_offboard_control/install/px4_offboard_control/share/px4_offboard_control/package.ps1'
[54.275s] INFO:colcon.colcon_core.shell:Creating package descriptor '/home/cone/ws_offboard_control/install/px4_offboard_control/share/px4_offboard_control/package.dsv'
[54.279s] INFO:colcon.colcon_core.shell:Creating package script '/home/cone/ws_offboard_control/install/px4_offboard_control/share/px4_offboard_control/package.sh'
[54.284s] INFO:colcon.colcon_core.shell:Creating package script '/home/cone/ws_offboard_control/install/px4_offboard_control/share/px4_offboard_control/package.bash'
[54.289s] INFO:colcon.colcon_core.shell:Creating package script '/home/cone/ws_offboard_control/install/px4_offboard_control/share/px4_offboard_control/package.zsh'
[54.293s] Level 1:colcon.colcon_core.environment:create_file_with_runtime_dependencies(/home/cone/ws_offboard_control/install/px4_offboard_control/share/colcon-core/packages/px4_offboard_control)
[54.298s] Level 1:colcon.colcon_core.environment:create_environment_scripts_only(px4_offboard_control)
[54.299s] Level 1:colcon.colcon_core.environment:checking '/home/cone/ws_offboard_control/install/px4_offboard_control' for CMake module files
[54.303s] Level 1:colcon.colcon_core.environment:checking '/home/cone/ws_offboard_control/install/px4_offboard_control' for CMake config files
[54.307s] Level 1:colcon.colcon_core.shell:create_environment_hook('px4_offboard_control', 'cmake_prefix_path')
[54.308s] INFO:colcon.colcon_core.shell:Creating environment hook '/home/cone/ws_offboard_control/install/px4_offboard_control/share/px4_offboard_control/hook/cmake_prefix_path.ps1'
[54.311s] INFO:colcon.colcon_core.shell:Creating environment descriptor '/home/cone/ws_offboard_control/install/px4_offboard_control/share/px4_offboard_control/hook/cmake_prefix_path.dsv'
[54.313s] INFO:colcon.colcon_core.shell:Creating environment hook '/home/cone/ws_offboard_control/install/px4_offboard_control/share/px4_offboard_control/hook/cmake_prefix_path.sh'
[54.317s] Level 1:colcon.colcon_core.environment:checking '/home/cone/ws_offboard_control/install/px4_offboard_control/lib'
[54.318s] Level 1:colcon.colcon_core.environment:checking '/home/cone/ws_offboard_control/install/px4_offboard_control/bin'
[54.319s] Level 1:colcon.colcon_core.environment:checking '/home/cone/ws_offboard_control/install/px4_offboard_control/lib/pkgconfig/px4_offboard_control.pc'
[54.320s] Level 1:colcon.colcon_core.environment:checking '/home/cone/ws_offboard_control/install/px4_offboard_control/lib/python3.10/site-packages'
[54.322s] Level 1:colcon.colcon_core.environment:checking '/home/cone/ws_offboard_control/install/px4_offboard_control/bin'
[54.324s] INFO:colcon.colcon_core.shell:Creating package script '/home/cone/ws_offboard_control/install/px4_offboard_control/share/px4_offboard_control/package.ps1'
[54.327s] INFO:colcon.colcon_core.shell:Creating package descriptor '/home/cone/ws_offboard_control/install/px4_offboard_control/share/px4_offboard_control/package.dsv'
[54.330s] INFO:colcon.colcon_core.shell:Creating package script '/home/cone/ws_offboard_control/install/px4_offboard_control/share/px4_offboard_control/package.sh'
[54.334s] INFO:colcon.colcon_core.shell:Creating package script '/home/cone/ws_offboard_control/install/px4_offboard_control/share/px4_offboard_control/package.bash'
[54.338s] INFO:colcon.colcon_core.shell:Creating package script '/home/cone/ws_offboard_control/install/px4_offboard_control/share/px4_offboard_control/package.zsh'
[54.341s] Level 1:colcon.colcon_core.environment:create_file_with_runtime_dependencies(/home/cone/ws_offboard_control/install/px4_offboard_control/share/colcon-core/packages/px4_offboard_control)
[54.343s] DEBUG:colcon.colcon_parallel_executor.executor.parallel:closing loop
[54.344s] DEBUG:colcon.colcon_parallel_executor.executor.parallel:loop closed
[54.345s] DEBUG:colcon.colcon_parallel_executor.executor.parallel:run_until_complete finished with '0'
[54.346s] DEBUG:colcon.colcon_core.event_reactor:joining thread
[54.374s] INFO:colcon.colcon_core.plugin_system:Skipping extension 'colcon_notification.desktop_notification.terminal_notifier': Not used on non-Darwin systems
[54.374s] INFO:colcon.colcon_core.plugin_system:Skipping extension 'colcon_notification.desktop_notification.win32': Not used on non-Windows systems
[54.374s] INFO:colcon.colcon_notification.desktop_notification:Sending desktop notification using 'notify2'
[54.445s] DEBUG:colcon.colcon_core.event_reactor:joined thread
[54.447s] INFO:colcon.colcon_core.shell:Creating prefix script '/home/cone/ws_offboard_control/install/local_setup.ps1'
[54.452s] INFO:colcon.colcon_core.shell:Creating prefix util module '/home/cone/ws_offboard_control/install/_local_setup_util_ps1.py'
[54.463s] INFO:colcon.colcon_core.shell:Creating prefix chain script '/home/cone/ws_offboard_control/install/setup.ps1'
[54.471s] INFO:colcon.colcon_core.shell:Creating prefix script '/home/cone/ws_offboard_control/install/local_setup.sh'
[54.475s] INFO:colcon.colcon_core.shell:Creating prefix util module '/home/cone/ws_offboard_control/install/_local_setup_util_sh.py'
[54.478s] INFO:colcon.colcon_core.shell:Creating prefix chain script '/home/cone/ws_offboard_control/install/setup.sh'
[54.485s] INFO:colcon.colcon_core.shell:Creating prefix script '/home/cone/ws_offboard_control/install/local_setup.bash'
[54.488s] INFO:colcon.colcon_core.shell:Creating prefix chain script '/home/cone/ws_offboard_control/install/setup.bash'
[54.495s] INFO:colcon.colcon_core.shell:Creating prefix script '/home/cone/ws_offboard_control/install/local_setup.zsh'
[54.500s] INFO:colcon.colcon_core.shell:Creating prefix chain script '/home/cone/ws_offboard_control/install/setup.zsh'
