[0.087s] Invoking command in '/home/cone/ws_offboard_control/build/px4_offboard_control': CMAKE_PREFIX_PATH=/home/cone/ws_offboard_control/install/px4_msgs:/home/cone/ws_offboard_control/install/px4_offboard_control:/home/cone/ros2_ws/install/my_camera_pkg:/opt/ros/humble /usr/bin/cmake /home/cone/ws_offboard_control/src/px4_offboard_control -DCMAKE_INSTALL_PREFIX=/home/cone/ws_offboard_control/install/px4_offboard_control
[0.171s] -- Found ament_cmake: 1.3.11 (/opt/ros/humble/share/ament_cmake/cmake)
[0.982s] -- Override CMake install command with custom implementation using symlinks instead of copying resources
[1.069s] -- Found rclcpp: 16.0.12 (/opt/ros/humble/share/rclcpp/cmake)
[1.359s] -- Found rosidl_generator_c: 3.1.6 (/opt/ros/humble/share/rosidl_generator_c/cmake)
[1.377s] -- Found rosidl_adapter: 3.1.6 (/opt/ros/humble/share/rosidl_adapter/cmake)
[1.431s] -- Found rosidl_generator_cpp: 3.1.6 (/opt/ros/humble/share/rosidl_generator_cpp/cmake)
[1.499s] -- Using all available rosidl_typesupport_c: rosidl_typesupport_fastrtps_c;rosidl_typesupport_introspection_c
[1.576s] -- Using all available rosidl_typesupport_cpp: rosidl_typesupport_fastrtps_cpp;rosidl_typesupport_introspection_cpp
[1.821s] -- Found rmw_implementation_cmake: 6.1.2 (/opt/ros/humble/share/rmw_implementation_cmake/cmake)
[1.837s] -- Found rmw_fastrtps_cpp: 6.2.7 (/opt/ros/humble/share/rmw_fastrtps_cpp/cmake)
[3.266s] -- Using RMW implementation 'rmw_fastrtps_cpp' as default
[3.629s] -- Found px4_msgs: 2.0.1 (/home/cone/ws_offboard_control/install/px4_msgs/share/px4_msgs/cmake)
[3.724s] -- Found tf2: 0.25.12 (/opt/ros/humble/share/tf2/cmake)
[3.846s] -- Found tf2_geometry_msgs: 0.25.13 (/opt/ros/humble/share/tf2_geometry_msgs/cmake)
[3.885s] -- Found eigen3_cmake_module: 0.1.1 (/opt/ros/humble/share/eigen3_cmake_module/cmake)
[3.895s] -- Ensuring Eigen3 include directory is part of orocos-kdl CMake target
[4.456s] -- Found sensor_msgs: 4.8.0 (/opt/ros/humble/share/sensor_msgs/cmake)
[4.601s] -- Found ament_lint_auto: 0.12.12 (/opt/ros/humble/share/ament_lint_auto/cmake)
[5.058s] -- Added test 'cppcheck' to perform static code analysis on C / C++ code
[5.059s] -- Configured cppcheck include dirs: /home/cone/ws_offboard_control/src/px4_offboard_control/include
[5.060s] -- Configured cppcheck exclude dirs and/or files: 
[5.067s] -- Added test 'flake8' to check Python code syntax and style conventions
[5.086s] -- Added test 'lint_cmake' to check CMake code style
[5.092s] -- Added test 'pep257' to check Python code against some of the docstring style conventions in PEP 257
[5.126s] -- Added test 'uncrustify' to check C / C++ code style
[5.126s] -- Configured uncrustify additional arguments: 
[5.138s] -- Added test 'xmllint' to check XML markup files
[5.156s] -- Configuring done
[5.348s] -- Generating done
[5.383s] -- Build files have been written to: /home/cone/ws_offboard_control/build/px4_offboard_control
[5.423s] Invoked command in '/home/cone/ws_offboard_control/build/px4_offboard_control' returned '0': CMAKE_PREFIX_PATH=/home/cone/ws_offboard_control/install/px4_msgs:/home/cone/ws_offboard_control/install/px4_offboard_control:/home/cone/ros2_ws/install/my_camera_pkg:/opt/ros/humble /usr/bin/cmake /home/cone/ws_offboard_control/src/px4_offboard_control -DCMAKE_INSTALL_PREFIX=/home/cone/ws_offboard_control/install/px4_offboard_control
[5.432s] Invoking command in '/home/cone/ws_offboard_control/build/px4_offboard_control': CMAKE_PREFIX_PATH=/home/cone/ws_offboard_control/install/px4_msgs:/home/cone/ws_offboard_control/install/px4_offboard_control:/home/cone/ros2_ws/install/my_camera_pkg:/opt/ros/humble /usr/bin/cmake --build /home/cone/ws_offboard_control/build/px4_offboard_control -- -j4 -l4
[5.644s] [35m[1mConsolidate compiler generated dependencies of target offboard_control[0m
[5.645s] [35m[1mConsolidate compiler generated dependencies of target get_pose[0m
[5.798s] [ 75%] [32mBuilding CXX object CMakeFiles/offboard_control.dir/src/offboard_control.cpp.o[0m
[5.799s] [ 75%] Built target get_pose
[19.428s] [01m[K/home/cone/ws_offboard_control/src/px4_offboard_control/src/offboard_control.cpp:[m[K In member function ‘[01m[Kvoid OffboardControl::pose_cb(geometry_msgs::msg::PoseStamped_<std::allocator<void> >::SharedPtr)[m[K’:
[19.429s] [01m[K/home/cone/ws_offboard_control/src/px4_offboard_control/src/offboard_control.cpp:108:44:[m[K [01;31m[Kerror: [m[Kno match for ‘[01m[Koperator-[m[K’ (operand types are ‘[01m[Kstd_msgs::msg::Header_<std::allocator<void> >::_stamp_type[m[K’ {aka ‘[01m[Kbuiltin_interfaces::msg::Time_<std::allocator<void> >[m[K’} and ‘[01m[Krclcpp::Time[m[K’)
[19.429s]   108 |             double dt = ([32m[Kmsg->header.stamp[m[K [01;31m[K-[m[K [34m[Klast_pose_time_[m[K).seconds();
[19.430s]       |                          [32m[K~~~~~~~~~~~~~~~~~[m[K [01;31m[K^[m[K [34m[K~~~~~~~~~~~~~~~[m[K
[19.431s]       |                                      [32m[K|[m[K       [34m[K|[m[K
[19.431s]       |                                      [32m[K|[m[K       [34m[Krclcpp::Time[m[K
[19.432s]       |                                      [32m[Kstd_msgs::msg::Header_<std::allocator<void> >::_stamp_type {aka builtin_interfaces::msg::Time_<std::allocator<void> >}[m[K
[19.432s] In file included from [01m[K/usr/include/c++/11/bits/stl_algobase.h:67[m[K,
[19.433s]                  from [01m[K/usr/include/c++/11/algorithm:61[m[K,
[19.433s]                  from [01m[K/home/cone/ws_offboard_control/install/px4_msgs/include/px4_msgs/px4_msgs/msg/detail/offboard_control_mode__struct.hpp:8[m[K,
[19.434s]                  from [01m[K/home/cone/ws_offboard_control/install/px4_msgs/include/px4_msgs/px4_msgs/msg/offboard_control_mode.hpp:7[m[K,
[19.435s]                  from [01m[K/home/cone/ws_offboard_control/src/px4_offboard_control/src/offboard_control.cpp:1[m[K:
[19.435s] [01m[K/usr/include/c++/11/bits/stl_iterator.h:577:5:[m[K [01;36m[Knote: [m[Kcandidate: ‘[01m[Ktemplate<class _IteratorL, class _IteratorR> constexpr decltype ((__y.base() - __x.base())) std::operator-(const std::reverse_iterator<_Iterator>&, const std::reverse_iterator<_IteratorR>&)[m[K’
[19.436s]   577 |     [01;36m[Koperator[m[K-(const reverse_iterator<_IteratorL>& __x,
[19.436s]       |     [01;36m[K^~~~~~~~[m[K
[19.437s] [01m[K/usr/include/c++/11/bits/stl_iterator.h:577:5:[m[K [01;36m[Knote: [m[K  template argument deduction/substitution failed:
[19.437s] [01m[K/home/cone/ws_offboard_control/src/px4_offboard_control/src/offboard_control.cpp:108:46:[m[K [01;36m[Knote: [m[K  ‘[01m[Kstd_msgs::msg::Header_<std::allocator<void> >::_stamp_type[m[K’ {aka ‘[01m[Kbuiltin_interfaces::msg::Time_<std::allocator<void> >[m[K’} is not derived from ‘[01m[Kconst std::reverse_iterator<_Iterator>[m[K’
[19.438s]   108 |             double dt = (msg->header.stamp - [01;36m[Klast_pose_time_[m[K).seconds();
[19.438s]       |                                              [01;36m[K^~~~~~~~~~~~~~~[m[K
[19.439s] In file included from [01m[K/usr/include/c++/11/bits/stl_algobase.h:67[m[K,
[19.439s]                  from [01m[K/usr/include/c++/11/algorithm:61[m[K,
[19.440s]                  from [01m[K/home/cone/ws_offboard_control/install/px4_msgs/include/px4_msgs/px4_msgs/msg/detail/offboard_control_mode__struct.hpp:8[m[K,
[19.440s]                  from [01m[K/home/cone/ws_offboard_control/install/px4_msgs/include/px4_msgs/px4_msgs/msg/offboard_control_mode.hpp:7[m[K,
[19.441s]                  from [01m[K/home/cone/ws_offboard_control/src/px4_offboard_control/src/offboard_control.cpp:1[m[K:
[19.441s] [01m[K/usr/include/c++/11/bits/stl_iterator.h:1693:5:[m[K [01;36m[Knote: [m[Kcandidate: ‘[01m[Ktemplate<class _IteratorL, class _IteratorR> constexpr decltype ((__x.base() - __y.base())) std::operator-(const std::move_iterator<_IteratorL>&, const std::move_iterator<_IteratorR>&)[m[K’
[19.442s]  1693 |     [01;36m[Koperator[m[K-(const move_iterator<_IteratorL>& __x,
[19.442s]       |     [01;36m[K^~~~~~~~[m[K
[19.443s] [01m[K/usr/include/c++/11/bits/stl_iterator.h:1693:5:[m[K [01;36m[Knote: [m[K  template argument deduction/substitution failed:
[19.443s] [01m[K/home/cone/ws_offboard_control/src/px4_offboard_control/src/offboard_control.cpp:108:46:[m[K [01;36m[Knote: [m[K  ‘[01m[Kstd_msgs::msg::Header_<std::allocator<void> >::_stamp_type[m[K’ {aka ‘[01m[Kbuiltin_interfaces::msg::Time_<std::allocator<void> >[m[K’} is not derived from ‘[01m[Kconst std::move_iterator<_IteratorL>[m[K’
[19.444s]   108 |             double dt = (msg->header.stamp - [01;36m[Klast_pose_time_[m[K).seconds();
[19.444s]       |                                              [01;36m[K^~~~~~~~~~~~~~~[m[K
[30.463s] gmake[2]: *** [CMakeFiles/offboard_control.dir/build.make:76: CMakeFiles/offboard_control.dir/src/offboard_control.cpp.o] Error 1
[30.464s] gmake[1]: *** [CMakeFiles/Makefile2:139: CMakeFiles/offboard_control.dir/all] Error 2
[30.465s] gmake: *** [Makefile:146: all] Error 2
[30.472s] Invoked command in '/home/cone/ws_offboard_control/build/px4_offboard_control' returned '2': CMAKE_PREFIX_PATH=/home/cone/ws_offboard_control/install/px4_msgs:/home/cone/ws_offboard_control/install/px4_offboard_control:/home/cone/ros2_ws/install/my_camera_pkg:/opt/ros/humble /usr/bin/cmake --build /home/cone/ws_offboard_control/build/px4_offboard_control -- -j4 -l4
