[0.067s] Invoking command in '/home/cone/ws_offboard_control/build/px4_offboard_control': CMAKE_PREFIX_PATH=/home/cone/ws_offboard_control/install/px4_msgs:/home/cone/ws_offboard_control/install/px4_offboard_control:/home/cone/ros2_ws/install/my_camera_pkg:/opt/ros/humble /usr/bin/cmake --build /home/cone/ws_offboard_control/build/px4_offboard_control -- -j4 -l4
[0.201s] -- Found ament_cmake: 1.3.11 (/opt/ros/humble/share/ament_cmake/cmake)
[0.823s] -- Override CMake install command with custom implementation using symlinks instead of copying resources
[0.861s] -- Found rclcpp: 16.0.12 (/opt/ros/humble/share/rclcpp/cmake)
[1.077s] -- Found rosidl_generator_c: 3.1.6 (/opt/ros/humble/share/rosidl_generator_c/cmake)
[1.089s] -- Found rosidl_adapter: 3.1.6 (/opt/ros/humble/share/rosidl_adapter/cmake)
[1.117s] -- Found rosidl_generator_cpp: 3.1.6 (/opt/ros/humble/share/rosidl_generator_cpp/cmake)
[1.161s] -- Using all available rosidl_typesupport_c: rosidl_typesupport_fastrtps_c;rosidl_typesupport_introspection_c
[1.218s] -- Using all available rosidl_typesupport_cpp: rosidl_typesupport_fastrtps_cpp;rosidl_typesupport_introspection_cpp
[1.365s] -- Found rmw_implementation_cmake: 6.1.2 (/opt/ros/humble/share/rmw_implementation_cmake/cmake)
[1.372s] -- Found rmw_fastrtps_cpp: 6.2.7 (/opt/ros/humble/share/rmw_fastrtps_cpp/cmake)
[2.635s] -- Using RMW implementation 'rmw_fastrtps_cpp' as default
[2.848s] -- Found px4_msgs: 2.0.1 (/home/cone/ws_offboard_control/install/px4_msgs/share/px4_msgs/cmake)
[2.900s] -- Found tf2: 0.25.12 (/opt/ros/humble/share/tf2/cmake)
[2.971s] -- Found tf2_geometry_msgs: 0.25.13 (/opt/ros/humble/share/tf2_geometry_msgs/cmake)
[2.986s] -- Found eigen3_cmake_module: 0.1.1 (/opt/ros/humble/share/eigen3_cmake_module/cmake)
[2.991s] -- Ensuring Eigen3 include directory is part of orocos-kdl CMake target
[3.343s] -- Found sensor_msgs: 4.8.0 (/opt/ros/humble/share/sensor_msgs/cmake)
[3.442s] -- Found ament_lint_auto: 0.12.12 (/opt/ros/humble/share/ament_lint_auto/cmake)
[3.823s] -- Added test 'cppcheck' to perform static code analysis on C / C++ code
[3.824s] -- Configured cppcheck include dirs: /home/cone/ws_offboard_control/src/px4_offboard_control/include;$<BUILD_INTERFACE:/home/cone/ws_offboard_control/src/px4_offboard_control/include>
[3.825s] -- Configured cppcheck exclude dirs and/or files: 
[3.830s] -- Added test 'flake8' to check Python code syntax and style conventions
[3.839s] -- Added test 'lint_cmake' to check CMake code style
[3.844s] -- Added test 'pep257' to check Python code against some of the docstring style conventions in PEP 257
[3.875s] -- Added test 'uncrustify' to check C / C++ code style
[3.875s] -- Configured uncrustify additional arguments: 
[3.880s] -- Added test 'xmllint' to check XML markup files
[3.889s] -- Configuring done
[4.009s] -- Generating done
[4.042s] -- Build files have been written to: /home/cone/ws_offboard_control/build/px4_offboard_control
[4.167s] [35m[1mConsolidate compiler generated dependencies of target offboard_control_default[0m
[4.168s] [35m[1mConsolidate compiler generated dependencies of target offboard_control[0m
[4.218s] [ 16%] [32mBuilding CXX object CMakeFiles/get_pose.dir/src/get_pose.cpp.o[0m
[4.274s] [ 33%] [32mBuilding CXX object CMakeFiles/offboard_control_default.dir/src/offboard_control_default.cpp.o[0m
[4.279s] [ 66%] Built target offboard_control
[4.327s] [01m[K/home/cone/ws_offboard_control/src/px4_offboard_control/src/offboard_control_default.cpp:1:10:[m[K [01;31m[Kfatal error: [m[Kpx4_msgs/msg/offboard_control_mode.hpp: No such file or directory
[4.327s]     1 | #include [01;31m[K<px4_msgs/msg/offboard_control_mode.hpp>[m[K
[4.328s]       |          [01;31m[K^~~~~~~~~~~~~~~~~~~~~~~~~~~~~~~~~~~~~~~~[m[K
[4.328s] compilation terminated.
[4.337s] gmake[2]: *** [CMakeFiles/offboard_control_default.dir/build.make:76: CMakeFiles/offboard_control_default.dir/src/offboard_control_default.cpp.o] Error 1
[4.337s] gmake[1]: *** [CMakeFiles/Makefile2:167: CMakeFiles/offboard_control_default.dir/all] Error 2
[4.338s] gmake[1]: *** Waiting for unfinished jobs....
[39.606s] [ 83%] [32m[1mLinking CXX executable get_pose[0m
[42.631s] [ 83%] Built target get_pose
[42.636s] gmake: *** [Makefile:146: all] Error 2
[42.643s] Invoked command in '/home/cone/ws_offboard_control/build/px4_offboard_control' returned '2': CMAKE_PREFIX_PATH=/home/cone/ws_offboard_control/install/px4_msgs:/home/cone/ws_offboard_control/install/px4_offboard_control:/home/cone/ros2_ws/install/my_camera_pkg:/opt/ros/humble /usr/bin/cmake --build /home/cone/ws_offboard_control/build/px4_offboard_control -- -j4 -l4
