[0.121s] Invoking command in '/home/cone/ws_offboard_control/build/px4_offboard_control': CMAKE_PREFIX_PATH=/home/cone/ws_offboard_control/install/px4_msgs:/home/cone/ws_offboard_control/install/px4_offboard_control:/home/cone/ros2_ws/install/my_camera_pkg:/opt/ros/humble /usr/bin/cmake --build /home/cone/ws_offboard_control/build/px4_offboard_control -- -j4 -l4
[0.376s] [35m[1mConsolidate compiler generated dependencies of target get_pose[0m
[0.487s] [ 25%] [32mBuilding CXX object CMakeFiles/offboard_control.dir/src/offboard_control.cpp.o[0m
[0.536s] [ 75%] Built target get_pose
[54.206s] [100%] [32m[1mLinking CXX executable offboard_control[0m
[57.180s] [100%] Built target offboard_control
[57.232s] Invoked command in '/home/cone/ws_offboard_control/build/px4_offboard_control' returned '0': CMAKE_PREFIX_PATH=/home/cone/ws_offboard_control/install/px4_msgs:/home/cone/ws_offboard_control/install/px4_offboard_control:/home/cone/ros2_ws/install/my_camera_pkg:/opt/ros/humble /usr/bin/cmake --build /home/cone/ws_offboard_control/build/px4_offboard_control -- -j4 -l4
[57.285s] Invoking command in '/home/cone/ws_offboard_control/build/px4_offboard_control': CMAKE_PREFIX_PATH=/home/cone/ws_offboard_control/install/px4_msgs:/home/cone/ws_offboard_control/install/px4_offboard_control:/home/cone/ros2_ws/install/my_camera_pkg:/opt/ros/humble /usr/bin/cmake --install /home/cone/ws_offboard_control/build/px4_offboard_control
[57.322s] -- Install configuration: ""
[57.331s] -- Execute custom install script
[57.335s] -- Up-to-date symlink: /home/cone/ws_offboard_control/install/px4_offboard_control/lib/px4_offboard_control/offboard_control
[57.336s] -- Up-to-date symlink: /home/cone/ws_offboard_control/install/px4_offboard_control/lib/px4_offboard_control/get_pose
[57.340s] -- Up-to-date symlink: /home/cone/ws_offboard_control/install/px4_offboard_control/share/ament_index/resource_index/package_run_dependencies/px4_offboard_control
[57.341s] -- Up-to-date symlink: /home/cone/ws_offboard_control/install/px4_offboard_control/share/ament_index/resource_index/parent_prefix_path/px4_offboard_control
[57.343s] -- Up-to-date symlink: /home/cone/ws_offboard_control/install/px4_offboard_control/share/px4_offboard_control/environment/ament_prefix_path.sh
[57.344s] -- Up-to-date symlink: /home/cone/ws_offboard_control/install/px4_offboard_control/share/px4_offboard_control/environment/ament_prefix_path.dsv
[57.346s] -- Up-to-date symlink: /home/cone/ws_offboard_control/install/px4_offboard_control/share/px4_offboard_control/environment/path.sh
[57.347s] -- Up-to-date symlink: /home/cone/ws_offboard_control/install/px4_offboard_control/share/px4_offboard_control/environment/path.dsv
[57.348s] -- Up-to-date symlink: /home/cone/ws_offboard_control/install/px4_offboard_control/share/px4_offboard_control/local_setup.bash
[57.349s] -- Up-to-date symlink: /home/cone/ws_offboard_control/install/px4_offboard_control/share/px4_offboard_control/local_setup.sh
[57.351s] -- Up-to-date symlink: /home/cone/ws_offboard_control/install/px4_offboard_control/share/px4_offboard_control/local_setup.zsh
[57.352s] -- Up-to-date symlink: /home/cone/ws_offboard_control/install/px4_offboard_control/share/px4_offboard_control/local_setup.dsv
[57.352s] -- Symlinking: /home/cone/ws_offboard_control/install/px4_offboard_control/share/px4_offboard_control/package.dsv
[57.394s] -- Up-to-date symlink: /home/cone/ws_offboard_control/install/px4_offboard_control/share/ament_index/resource_index/packages/px4_offboard_control
[57.397s] -- Up-to-date symlink: /home/cone/ws_offboard_control/install/px4_offboard_control/share/px4_offboard_control/cmake/ament_cmake_export_dependencies-extras.cmake
[57.399s] -- Up-to-date symlink: /home/cone/ws_offboard_control/install/px4_offboard_control/share/px4_offboard_control/cmake/px4_offboard_controlConfig.cmake
[57.400s] -- Up-to-date symlink: /home/cone/ws_offboard_control/install/px4_offboard_control/share/px4_offboard_control/cmake/px4_offboard_controlConfig-version.cmake
[57.401s] -- Up-to-date symlink: /home/cone/ws_offboard_control/install/px4_offboard_control/share/px4_offboard_control/package.xml
[57.410s] Invoked command in '/home/cone/ws_offboard_control/build/px4_offboard_control' returned '0': CMAKE_PREFIX_PATH=/home/cone/ws_offboard_control/install/px4_msgs:/home/cone/ws_offboard_control/install/px4_offboard_control:/home/cone/ros2_ws/install/my_camera_pkg:/opt/ros/humble /usr/bin/cmake --install /home/cone/ws_offboard_control/build/px4_offboard_control
