[0.736s] DEBUG:colcon:Command line arguments: ['/usr/bin/colcon', 'build', '--symlink-install', '--packages-select', 'px4_offboard_control']
[0.736s] DEBUG:colcon:Parsed command line arguments: Namespace(log_base=None, log_level=None, verb_name='build', build_base='build', install_base='install', merge_install=False, symlink_install=True, test_result_base=None, continue_on_error=False, executor='parallel', parallel_workers=4, event_handlers=None, ignore_user_meta=False, metas=['./colcon.meta'], base_paths=['.'], packages_ignore=None, packages_ignore_regex=None, paths=None, packages_up_to=None, packages_up_to_regex=None, packages_above=None, packages_above_and_dependencies=None, packages_above_depth=None, packages_select_by_dep=None, packages_skip_by_dep=None, packages_skip_up_to=None, packages_select_build_failed=False, packages_skip_build_finished=False, packages_select_test_failures=False, packages_skip_test_passed=False, packages_select=['px4_offboard_control'], packages_skip=None, packages_select_regex=None, packages_skip_regex=None, packages_start=None, packages_end=None, allow_overriding=[], cmake_args=None, cmake_target=None, cmake_target_skip_unavailable=False, cmake_clean_cache=False, cmake_clean_first=False, cmake_force_configure=False, ament_cmake_args=None, catkin_cmake_args=None, catkin_skip_building_tests=False, mixin_files=None, mixin=None, verb_parser=<colcon_mixin.mixin.mixin_argument.MixinArgumentDecorator object at 0xffffb1a1bbb0>, verb_extension=<colcon_core.verb.build.BuildVerb object at 0xffffb1c18be0>, main=<bound method BuildVerb.main of <colcon_core.verb.build.BuildVerb object at 0xffffb1c18be0>>, mixin_verb=('build',))
[0.987s] Level 1:colcon.colcon_core.package_discovery:discover_packages(colcon_meta) check parameters
[0.987s] Level 1:colcon.colcon_core.package_discovery:discover_packages(recursive) check parameters
[0.987s] Level 1:colcon.colcon_core.package_discovery:discover_packages(ignore) check parameters
[0.987s] Level 1:colcon.colcon_core.package_discovery:discover_packages(path) check parameters
[0.988s] Level 1:colcon.colcon_core.package_discovery:discover_packages(colcon_meta) discover
[0.988s] Level 1:colcon.colcon_core.package_discovery:discover_packages(recursive) discover
[0.988s] INFO:colcon.colcon_core.package_discovery:Crawling recursively for packages in '/home/cone/ws_offboard_control'
[0.989s] Level 1:colcon.colcon_core.package_identification:_identify(.) by extensions ['ignore', 'ignore_ament_install']
[0.990s] Level 1:colcon.colcon_core.package_identification:_identify(.) by extension 'ignore'
[0.991s] Level 1:colcon.colcon_core.package_identification:_identify(.) by extension 'ignore_ament_install'
[0.991s] Level 1:colcon.colcon_core.package_identification:_identify(.) by extensions ['colcon_pkg']
[0.992s] Level 1:colcon.colcon_core.package_identification:_identify(.) by extension 'colcon_pkg'
[0.992s] Level 1:colcon.colcon_core.package_identification:_identify(.) by extensions ['colcon_meta']
[0.992s] Level 1:colcon.colcon_core.package_identification:_identify(.) by extension 'colcon_meta'
[0.993s] Level 1:colcon.colcon_core.package_identification:_identify(.) by extensions ['ros']
[0.993s] Level 1:colcon.colcon_core.package_identification:_identify(.) by extension 'ros'
[1.080s] Level 1:colcon.colcon_core.package_identification:_identify(.) by extensions ['cmake', 'python']
[1.080s] Level 1:colcon.colcon_core.package_identification:_identify(.) by extension 'cmake'
[1.080s] Level 1:colcon.colcon_core.package_identification:_identify(.) by extension 'python'
[1.080s] Level 1:colcon.colcon_core.package_identification:_identify(.) by extensions ['python_setup_py']
[1.081s] Level 1:colcon.colcon_core.package_identification:_identify(.) by extension 'python_setup_py'
[1.081s] Level 1:colcon.colcon_core.package_identification:_identify(build) by extensions ['ignore', 'ignore_ament_install']
[1.082s] Level 1:colcon.colcon_core.package_identification:_identify(build) by extension 'ignore'
[1.083s] Level 1:colcon.colcon_core.package_identification:_identify(build) ignored
[1.084s] Level 1:colcon.colcon_core.package_identification:_identify(install) by extensions ['ignore', 'ignore_ament_install']
[1.084s] Level 1:colcon.colcon_core.package_identification:_identify(install) by extension 'ignore'
[1.085s] Level 1:colcon.colcon_core.package_identification:_identify(install) ignored
[1.086s] Level 1:colcon.colcon_core.package_identification:_identify(log) by extensions ['ignore', 'ignore_ament_install']
[1.087s] Level 1:colcon.colcon_core.package_identification:_identify(log) by extension 'ignore'
[1.087s] Level 1:colcon.colcon_core.package_identification:_identify(log) ignored
[1.088s] Level 1:colcon.colcon_core.package_identification:_identify(src) by extensions ['ignore', 'ignore_ament_install']
[1.089s] Level 1:colcon.colcon_core.package_identification:_identify(src) by extension 'ignore'
[1.089s] Level 1:colcon.colcon_core.package_identification:_identify(src) by extension 'ignore_ament_install'
[1.090s] Level 1:colcon.colcon_core.package_identification:_identify(src) by extensions ['colcon_pkg']
[1.090s] Level 1:colcon.colcon_core.package_identification:_identify(src) by extension 'colcon_pkg'
[1.090s] Level 1:colcon.colcon_core.package_identification:_identify(src) by extensions ['colcon_meta']
[1.091s] Level 1:colcon.colcon_core.package_identification:_identify(src) by extension 'colcon_meta'
[1.091s] Level 1:colcon.colcon_core.package_identification:_identify(src) by extensions ['ros']
[1.091s] Level 1:colcon.colcon_core.package_identification:_identify(src) by extension 'ros'
[1.092s] Level 1:colcon.colcon_core.package_identification:_identify(src) by extensions ['cmake', 'python']
[1.092s] Level 1:colcon.colcon_core.package_identification:_identify(src) by extension 'cmake'
[1.092s] Level 1:colcon.colcon_core.package_identification:_identify(src) by extension 'python'
[1.092s] Level 1:colcon.colcon_core.package_identification:_identify(src) by extensions ['python_setup_py']
[1.093s] Level 1:colcon.colcon_core.package_identification:_identify(src) by extension 'python_setup_py'
[1.094s] Level 1:colcon.colcon_core.package_identification:_identify(src/px4_msgs) by extensions ['ignore', 'ignore_ament_install']
[1.094s] Level 1:colcon.colcon_core.package_identification:_identify(src/px4_msgs) by extension 'ignore'
[1.095s] Level 1:colcon.colcon_core.package_identification:_identify(src/px4_msgs) by extension 'ignore_ament_install'
[1.095s] Level 1:colcon.colcon_core.package_identification:_identify(src/px4_msgs) by extensions ['colcon_pkg']
[1.095s] Level 1:colcon.colcon_core.package_identification:_identify(src/px4_msgs) by extension 'colcon_pkg'
[1.095s] Level 1:colcon.colcon_core.package_identification:_identify(src/px4_msgs) by extensions ['colcon_meta']
[1.095s] Level 1:colcon.colcon_core.package_identification:_identify(src/px4_msgs) by extension 'colcon_meta'
[1.096s] Level 1:colcon.colcon_core.package_identification:_identify(src/px4_msgs) by extensions ['ros']
[1.096s] Level 1:colcon.colcon_core.package_identification:_identify(src/px4_msgs) by extension 'ros'
[1.110s] DEBUG:colcon.colcon_core.package_identification:Package 'src/px4_msgs' with type 'ros.ament_cmake' and name 'px4_msgs'
[1.110s] Level 1:colcon.colcon_core.package_identification:_identify(src/px4_offboard_control) by extensions ['ignore', 'ignore_ament_install']
[1.111s] Level 1:colcon.colcon_core.package_identification:_identify(src/px4_offboard_control) by extension 'ignore'
[1.111s] Level 1:colcon.colcon_core.package_identification:_identify(src/px4_offboard_control) by extension 'ignore_ament_install'
[1.112s] Level 1:colcon.colcon_core.package_identification:_identify(src/px4_offboard_control) by extensions ['colcon_pkg']
[1.112s] Level 1:colcon.colcon_core.package_identification:_identify(src/px4_offboard_control) by extension 'colcon_pkg'
[1.112s] Level 1:colcon.colcon_core.package_identification:_identify(src/px4_offboard_control) by extensions ['colcon_meta']
[1.113s] Level 1:colcon.colcon_core.package_identification:_identify(src/px4_offboard_control) by extension 'colcon_meta'
[1.113s] Level 1:colcon.colcon_core.package_identification:_identify(src/px4_offboard_control) by extensions ['ros']
[1.113s] Level 1:colcon.colcon_core.package_identification:_identify(src/px4_offboard_control) by extension 'ros'
[1.117s] DEBUG:colcon.colcon_core.package_identification:Package 'src/px4_offboard_control' with type 'ros.ament_cmake' and name 'px4_offboard_control'
[1.117s] Level 1:colcon.colcon_core.package_discovery:discover_packages(recursive) using defaults
[1.117s] Level 1:colcon.colcon_core.package_discovery:discover_packages(ignore) discover
[1.118s] Level 1:colcon.colcon_core.package_discovery:discover_packages(ignore) using defaults
[1.118s] Level 1:colcon.colcon_core.package_discovery:discover_packages(path) discover
[1.118s] Level 1:colcon.colcon_core.package_discovery:discover_packages(path) using defaults
[1.227s] INFO:colcon.colcon_core.package_selection:Skipping not selected package 'px4_msgs' in 'src/px4_msgs'
[1.230s] Level 1:colcon.colcon_core.package_discovery:discover_packages(prefix_path) check parameters
[1.230s] Level 1:colcon.colcon_core.package_discovery:discover_packages(prefix_path) discover
[1.243s] DEBUG:colcon.colcon_installed_package_information.package_discovery:Found 2 installed packages in /home/cone/ws_offboard_control/install
[1.246s] DEBUG:colcon.colcon_installed_package_information.package_discovery:Found 1 installed packages in /home/cone/ros2_ws/install
[1.258s] DEBUG:colcon.colcon_installed_package_information.package_discovery:Found 282 installed packages in /opt/ros/humble
[1.267s] Level 1:colcon.colcon_core.package_discovery:discover_packages(prefix_path) using defaults
[1.540s] Level 5:colcon.colcon_core.verb:set package 'px4_offboard_control' build argument 'cmake_args' from command line to 'None'
[1.540s] Level 5:colcon.colcon_core.verb:set package 'px4_offboard_control' build argument 'cmake_target' from command line to 'None'
[1.540s] Level 5:colcon.colcon_core.verb:set package 'px4_offboard_control' build argument 'cmake_target_skip_unavailable' from command line to 'False'
[1.540s] Level 5:colcon.colcon_core.verb:set package 'px4_offboard_control' build argument 'cmake_clean_cache' from command line to 'False'
[1.540s] Level 5:colcon.colcon_core.verb:set package 'px4_offboard_control' build argument 'cmake_clean_first' from command line to 'False'
[1.540s] Level 5:colcon.colcon_core.verb:set package 'px4_offboard_control' build argument 'cmake_force_configure' from command line to 'False'
[1.541s] Level 5:colcon.colcon_core.verb:set package 'px4_offboard_control' build argument 'ament_cmake_args' from command line to 'None'
[1.541s] Level 5:colcon.colcon_core.verb:set package 'px4_offboard_control' build argument 'catkin_cmake_args' from command line to 'None'
[1.541s] Level 5:colcon.colcon_core.verb:set package 'px4_offboard_control' build argument 'catkin_skip_building_tests' from command line to 'False'
[1.541s] DEBUG:colcon.colcon_core.verb:Building package 'px4_offboard_control' with the following arguments: {'ament_cmake_args': None, 'build_base': '/home/cone/ws_offboard_control/build/px4_offboard_control', 'catkin_cmake_args': None, 'catkin_skip_building_tests': False, 'cmake_args': None, 'cmake_clean_cache': False, 'cmake_clean_first': False, 'cmake_force_configure': False, 'cmake_target': None, 'cmake_target_skip_unavailable': False, 'install_base': '/home/cone/ws_offboard_control/install/px4_offboard_control', 'merge_install': False, 'path': '/home/cone/ws_offboard_control/src/px4_offboard_control', 'symlink_install': True, 'test_result_base': None}
[1.542s] INFO:colcon.colcon_core.executor:Executing jobs using 'parallel' executor
[1.546s] DEBUG:colcon.colcon_parallel_executor.executor.parallel:run_until_complete
[1.547s] INFO:colcon.colcon_ros.task.ament_cmake.build:Building ROS package in '/home/cone/ws_offboard_control/src/px4_offboard_control' with build type 'ament_cmake'
[1.548s] INFO:colcon.colcon_cmake.task.cmake.build:Building CMake package in '/home/cone/ws_offboard_control/src/px4_offboard_control'
[1.562s] INFO:colcon.colcon_core.plugin_system:Skipping extension 'colcon_core.shell.bat': Not used on non-Windows systems
[1.563s] INFO:colcon.colcon_core.shell:Skip shell extension 'powershell' for command environment: Not usable outside of PowerShell
[1.563s] DEBUG:colcon.colcon_core.shell:Skip shell extension 'dsv' for command environment
[1.629s] DEBUG:colcon.colcon_core.event_handler.log_command:Invoking command in '/home/cone/ws_offboard_control/build/px4_offboard_control': CMAKE_PREFIX_PATH=/home/cone/ws_offboard_control/install/px4_msgs:/home/cone/ws_offboard_control/install/px4_offboard_control:/home/cone/ros2_ws/install/my_camera_pkg:/opt/ros/humble /usr/bin/cmake --build /home/cone/ws_offboard_control/build/px4_offboard_control -- -j4 -l4
[55.244s] DEBUG:colcon.colcon_core.event_handler.log_command:Invoked command in '/home/cone/ws_offboard_control/build/px4_offboard_control' returned '0': CMAKE_PREFIX_PATH=/home/cone/ws_offboard_control/install/px4_msgs:/home/cone/ws_offboard_control/install/px4_offboard_control:/home/cone/ros2_ws/install/my_camera_pkg:/opt/ros/humble /usr/bin/cmake --build /home/cone/ws_offboard_control/build/px4_offboard_control -- -j4 -l4
[55.293s] DEBUG:colcon.colcon_core.event_handler.log_command:Invoking command in '/home/cone/ws_offboard_control/build/px4_offboard_control': CMAKE_PREFIX_PATH=/home/cone/ws_offboard_control/install/px4_msgs:/home/cone/ws_offboard_control/install/px4_offboard_control:/home/cone/ros2_ws/install/my_camera_pkg:/opt/ros/humble /usr/bin/cmake --install /home/cone/ws_offboard_control/build/px4_offboard_control
[55.402s] Level 1:colcon.colcon_core.environment:create_environment_scripts_only(px4_offboard_control)
[55.404s] DEBUG:colcon.colcon_core.event_handler.log_command:Invoked command in '/home/cone/ws_offboard_control/build/px4_offboard_control' returned '0': CMAKE_PREFIX_PATH=/home/cone/ws_offboard_control/install/px4_msgs:/home/cone/ws_offboard_control/install/px4_offboard_control:/home/cone/ros2_ws/install/my_camera_pkg:/opt/ros/humble /usr/bin/cmake --install /home/cone/ws_offboard_control/build/px4_offboard_control
[55.419s] Level 1:colcon.colcon_core.environment:checking '/home/cone/ws_offboard_control/install/px4_offboard_control' for CMake module files
[55.423s] Level 1:colcon.colcon_core.environment:checking '/home/cone/ws_offboard_control/install/px4_offboard_control' for CMake config files
[55.426s] Level 1:colcon.colcon_core.shell:create_environment_hook('px4_offboard_control', 'cmake_prefix_path')
[55.428s] INFO:colcon.colcon_core.shell:Creating environment hook '/home/cone/ws_offboard_control/install/px4_offboard_control/share/px4_offboard_control/hook/cmake_prefix_path.ps1'
[55.432s] INFO:colcon.colcon_core.shell:Creating environment descriptor '/home/cone/ws_offboard_control/install/px4_offboard_control/share/px4_offboard_control/hook/cmake_prefix_path.dsv'
[55.435s] INFO:colcon.colcon_core.shell:Creating environment hook '/home/cone/ws_offboard_control/install/px4_offboard_control/share/px4_offboard_control/hook/cmake_prefix_path.sh'
[55.441s] Level 1:colcon.colcon_core.environment:checking '/home/cone/ws_offboard_control/install/px4_offboard_control/lib'
[55.442s] Level 1:colcon.colcon_core.environment:checking '/home/cone/ws_offboard_control/install/px4_offboard_control/bin'
[55.442s] Level 1:colcon.colcon_core.environment:checking '/home/cone/ws_offboard_control/install/px4_offboard_control/lib/pkgconfig/px4_offboard_control.pc'
[55.444s] Level 1:colcon.colcon_core.environment:checking '/home/cone/ws_offboard_control/install/px4_offboard_control/lib/python3.10/site-packages'
[55.445s] Level 1:colcon.colcon_core.environment:checking '/home/cone/ws_offboard_control/install/px4_offboard_control/bin'
[55.446s] INFO:colcon.colcon_core.shell:Creating package script '/home/cone/ws_offboard_control/install/px4_offboard_control/share/px4_offboard_control/package.ps1'
[55.451s] INFO:colcon.colcon_core.shell:Creating package descriptor '/home/cone/ws_offboard_control/install/px4_offboard_control/share/px4_offboard_control/package.dsv'
[55.454s] INFO:colcon.colcon_core.shell:Creating package script '/home/cone/ws_offboard_control/install/px4_offboard_control/share/px4_offboard_control/package.sh'
[55.459s] INFO:colcon.colcon_core.shell:Creating package script '/home/cone/ws_offboard_control/install/px4_offboard_control/share/px4_offboard_control/package.bash'
[55.463s] INFO:colcon.colcon_core.shell:Creating package script '/home/cone/ws_offboard_control/install/px4_offboard_control/share/px4_offboard_control/package.zsh'
[55.467s] Level 1:colcon.colcon_core.environment:create_file_with_runtime_dependencies(/home/cone/ws_offboard_control/install/px4_offboard_control/share/colcon-core/packages/px4_offboard_control)
[55.471s] Level 1:colcon.colcon_core.environment:create_environment_scripts_only(px4_offboard_control)
[55.472s] Level 1:colcon.colcon_core.environment:checking '/home/cone/ws_offboard_control/install/px4_offboard_control' for CMake module files
[55.476s] Level 1:colcon.colcon_core.environment:checking '/home/cone/ws_offboard_control/install/px4_offboard_control' for CMake config files
[55.480s] Level 1:colcon.colcon_core.shell:create_environment_hook('px4_offboard_control', 'cmake_prefix_path')
[55.481s] INFO:colcon.colcon_core.shell:Creating environment hook '/home/cone/ws_offboard_control/install/px4_offboard_control/share/px4_offboard_control/hook/cmake_prefix_path.ps1'
[55.484s] INFO:colcon.colcon_core.shell:Creating environment descriptor '/home/cone/ws_offboard_control/install/px4_offboard_control/share/px4_offboard_control/hook/cmake_prefix_path.dsv'
[55.486s] INFO:colcon.colcon_core.shell:Creating environment hook '/home/cone/ws_offboard_control/install/px4_offboard_control/share/px4_offboard_control/hook/cmake_prefix_path.sh'
[55.491s] Level 1:colcon.colcon_core.environment:checking '/home/cone/ws_offboard_control/install/px4_offboard_control/lib'
[55.491s] Level 1:colcon.colcon_core.environment:checking '/home/cone/ws_offboard_control/install/px4_offboard_control/bin'
[55.492s] Level 1:colcon.colcon_core.environment:checking '/home/cone/ws_offboard_control/install/px4_offboard_control/lib/pkgconfig/px4_offboard_control.pc'
[55.493s] Level 1:colcon.colcon_core.environment:checking '/home/cone/ws_offboard_control/install/px4_offboard_control/lib/python3.10/site-packages'
[55.495s] Level 1:colcon.colcon_core.environment:checking '/home/cone/ws_offboard_control/install/px4_offboard_control/bin'
[55.496s] INFO:colcon.colcon_core.shell:Creating package script '/home/cone/ws_offboard_control/install/px4_offboard_control/share/px4_offboard_control/package.ps1'
[55.500s] INFO:colcon.colcon_core.shell:Creating package descriptor '/home/cone/ws_offboard_control/install/px4_offboard_control/share/px4_offboard_control/package.dsv'
[55.503s] INFO:colcon.colcon_core.shell:Creating package script '/home/cone/ws_offboard_control/install/px4_offboard_control/share/px4_offboard_control/package.sh'
[55.506s] INFO:colcon.colcon_core.shell:Creating package script '/home/cone/ws_offboard_control/install/px4_offboard_control/share/px4_offboard_control/package.bash'
[55.509s] INFO:colcon.colcon_core.shell:Creating package script '/home/cone/ws_offboard_control/install/px4_offboard_control/share/px4_offboard_control/package.zsh'
[55.512s] Level 1:colcon.colcon_core.environment:create_file_with_runtime_dependencies(/home/cone/ws_offboard_control/install/px4_offboard_control/share/colcon-core/packages/px4_offboard_control)
[55.514s] DEBUG:colcon.colcon_parallel_executor.executor.parallel:closing loop
[55.515s] DEBUG:colcon.colcon_parallel_executor.executor.parallel:loop closed
[55.516s] DEBUG:colcon.colcon_parallel_executor.executor.parallel:run_until_complete finished with '0'
[55.516s] DEBUG:colcon.colcon_core.event_reactor:joining thread
[55.545s] INFO:colcon.colcon_core.plugin_system:Skipping extension 'colcon_notification.desktop_notification.terminal_notifier': Not used on non-Darwin systems
[55.545s] INFO:colcon.colcon_core.plugin_system:Skipping extension 'colcon_notification.desktop_notification.win32': Not used on non-Windows systems
[55.546s] INFO:colcon.colcon_notification.desktop_notification:Sending desktop notification using 'notify2'
[55.616s] DEBUG:colcon.colcon_core.event_reactor:joined thread
[55.617s] INFO:colcon.colcon_core.shell:Creating prefix script '/home/cone/ws_offboard_control/install/local_setup.ps1'
[55.624s] INFO:colcon.colcon_core.shell:Creating prefix util module '/home/cone/ws_offboard_control/install/_local_setup_util_ps1.py'
[55.636s] INFO:colcon.colcon_core.shell:Creating prefix chain script '/home/cone/ws_offboard_control/install/setup.ps1'
[55.645s] INFO:colcon.colcon_core.shell:Creating prefix script '/home/cone/ws_offboard_control/install/local_setup.sh'
[55.649s] INFO:colcon.colcon_core.shell:Creating prefix util module '/home/cone/ws_offboard_control/install/_local_setup_util_sh.py'
[55.653s] INFO:colcon.colcon_core.shell:Creating prefix chain script '/home/cone/ws_offboard_control/install/setup.sh'
[55.661s] INFO:colcon.colcon_core.shell:Creating prefix script '/home/cone/ws_offboard_control/install/local_setup.bash'
[55.665s] INFO:colcon.colcon_core.shell:Creating prefix chain script '/home/cone/ws_offboard_control/install/setup.bash'
[55.672s] INFO:colcon.colcon_core.shell:Creating prefix script '/home/cone/ws_offboard_control/install/local_setup.zsh'
[55.675s] INFO:colcon.colcon_core.shell:Creating prefix chain script '/home/cone/ws_offboard_control/install/setup.zsh'
