[0.066s] Invoking command in '/home/cone/ws_offboard_control/build/px4_offboard_control': CMAKE_PREFIX_PATH=/home/cone/ws_offboard_control/install/px4_msgs:/home/cone/ws_offboard_control/install/px4_offboard_control:/home/cone/ros2_ws/install/my_camera_pkg:/opt/ros/humble /usr/bin/cmake --build /home/cone/ws_offboard_control/build/px4_offboard_control -- -j4 -l4
[0.199s] -- Found ament_cmake: 1.3.11 (/opt/ros/humble/share/ament_cmake/cmake)
[0.820s] -- Override CMake install command with custom implementation using symlinks instead of copying resources
[0.855s] -- Found rclcpp: 16.0.12 (/opt/ros/humble/share/rclcpp/cmake)
[1.072s] -- Found rosidl_generator_c: 3.1.6 (/opt/ros/humble/share/rosidl_generator_c/cmake)
[1.084s] -- Found rosidl_adapter: 3.1.6 (/opt/ros/humble/share/rosidl_adapter/cmake)
[1.111s] -- Found rosidl_generator_cpp: 3.1.6 (/opt/ros/humble/share/rosidl_generator_cpp/cmake)
[1.155s] -- Using all available rosidl_typesupport_c: rosidl_typesupport_fastrtps_c;rosidl_typesupport_introspection_c
[1.212s] -- Using all available rosidl_typesupport_cpp: rosidl_typesupport_fastrtps_cpp;rosidl_typesupport_introspection_cpp
[1.358s] -- Found rmw_implementation_cmake: 6.1.2 (/opt/ros/humble/share/rmw_implementation_cmake/cmake)
[1.365s] -- Found rmw_fastrtps_cpp: 6.2.7 (/opt/ros/humble/share/rmw_fastrtps_cpp/cmake)
[2.626s] -- Using RMW implementation 'rmw_fastrtps_cpp' as default
[2.838s] -- Found px4_msgs: 2.0.1 (/home/cone/ws_offboard_control/install/px4_msgs/share/px4_msgs/cmake)
[2.889s] -- Found tf2: 0.25.12 (/opt/ros/humble/share/tf2/cmake)
[2.960s] -- Found tf2_geometry_msgs: 0.25.13 (/opt/ros/humble/share/tf2_geometry_msgs/cmake)
[2.975s] -- Found eigen3_cmake_module: 0.1.1 (/opt/ros/humble/share/eigen3_cmake_module/cmake)
[2.980s] -- Ensuring Eigen3 include directory is part of orocos-kdl CMake target
[3.333s] -- Found sensor_msgs: 4.8.0 (/opt/ros/humble/share/sensor_msgs/cmake)
[3.435s] -- Found ament_lint_auto: 0.12.12 (/opt/ros/humble/share/ament_lint_auto/cmake)
[3.819s] -- Added test 'cppcheck' to perform static code analysis on C / C++ code
[3.820s] -- Configured cppcheck include dirs: /home/cone/ws_offboard_control/src/px4_offboard_control/include
[3.820s] -- Configured cppcheck exclude dirs and/or files: 
[3.826s] -- Added test 'flake8' to check Python code syntax and style conventions
[3.834s] -- Added test 'lint_cmake' to check CMake code style
[3.840s] -- Added test 'pep257' to check Python code against some of the docstring style conventions in PEP 257
[3.871s] -- Added test 'uncrustify' to check C / C++ code style
[3.871s] -- Configured uncrustify additional arguments: 
[3.876s] -- Added test 'xmllint' to check XML markup files
[3.885s] -- Configuring done
[4.000s] -- Generating done
[4.033s] -- Build files have been written to: /home/cone/ws_offboard_control/build/px4_offboard_control
[4.163s] [35m[1mConsolidate compiler generated dependencies of target offboard_control[0m
[4.163s] [35m[1mConsolidate compiler generated dependencies of target get_pose[0m
[4.269s] [ 50%] Built target offboard_control
[4.270s] [100%] Built target get_pose
[4.314s] Invoked command in '/home/cone/ws_offboard_control/build/px4_offboard_control' returned '0': CMAKE_PREFIX_PATH=/home/cone/ws_offboard_control/install/px4_msgs:/home/cone/ws_offboard_control/install/px4_offboard_control:/home/cone/ros2_ws/install/my_camera_pkg:/opt/ros/humble /usr/bin/cmake --build /home/cone/ws_offboard_control/build/px4_offboard_control -- -j4 -l4
[4.358s] Invoking command in '/home/cone/ws_offboard_control/build/px4_offboard_control': CMAKE_PREFIX_PATH=/home/cone/ws_offboard_control/install/px4_msgs:/home/cone/ws_offboard_control/install/px4_offboard_control:/home/cone/ros2_ws/install/my_camera_pkg:/opt/ros/humble /usr/bin/cmake --install /home/cone/ws_offboard_control/build/px4_offboard_control
[4.389s] -- Install configuration: ""
[4.391s] -- Execute custom install script
[4.394s] -- Up-to-date symlink: /home/cone/ws_offboard_control/install/px4_offboard_control/lib/px4_offboard_control/offboard_control
[4.394s] -- Symlinking: /home/cone/ws_offboard_control/install/px4_offboard_control/lib/px4_offboard_control/get_pose
[4.432s] -- Up-to-date symlink: /home/cone/ws_offboard_control/install/px4_offboard_control/share/ament_index/resource_index/package_run_dependencies/px4_offboard_control
[4.440s] -- Up-to-date symlink: /home/cone/ws_offboard_control/install/px4_offboard_control/share/ament_index/resource_index/parent_prefix_path/px4_offboard_control
[4.441s] -- Up-to-date symlink: /home/cone/ws_offboard_control/install/px4_offboard_control/share/px4_offboard_control/environment/ament_prefix_path.sh
[4.442s] -- Up-to-date symlink: /home/cone/ws_offboard_control/install/px4_offboard_control/share/px4_offboard_control/environment/ament_prefix_path.dsv
[4.444s] -- Up-to-date symlink: /home/cone/ws_offboard_control/install/px4_offboard_control/share/px4_offboard_control/environment/path.sh
[4.445s] -- Up-to-date symlink: /home/cone/ws_offboard_control/install/px4_offboard_control/share/px4_offboard_control/environment/path.dsv
[4.447s] -- Up-to-date symlink: /home/cone/ws_offboard_control/install/px4_offboard_control/share/px4_offboard_control/local_setup.bash
[4.448s] -- Up-to-date symlink: /home/cone/ws_offboard_control/install/px4_offboard_control/share/px4_offboard_control/local_setup.sh
[4.450s] -- Up-to-date symlink: /home/cone/ws_offboard_control/install/px4_offboard_control/share/px4_offboard_control/local_setup.zsh
[4.452s] -- Up-to-date symlink: /home/cone/ws_offboard_control/install/px4_offboard_control/share/px4_offboard_control/local_setup.dsv
[4.453s] -- Symlinking: /home/cone/ws_offboard_control/install/px4_offboard_control/share/px4_offboard_control/package.dsv
[4.497s] -- Up-to-date symlink: /home/cone/ws_offboard_control/install/px4_offboard_control/share/ament_index/resource_index/packages/px4_offboard_control
[4.498s] -- Up-to-date symlink: /home/cone/ws_offboard_control/install/px4_offboard_control/share/px4_offboard_control/cmake/ament_cmake_export_dependencies-extras.cmake
[4.499s] -- Up-to-date symlink: /home/cone/ws_offboard_control/install/px4_offboard_control/share/px4_offboard_control/cmake/px4_offboard_controlConfig.cmake
[4.500s] -- Up-to-date symlink: /home/cone/ws_offboard_control/install/px4_offboard_control/share/px4_offboard_control/cmake/px4_offboard_controlConfig-version.cmake
[4.502s] -- Up-to-date symlink: /home/cone/ws_offboard_control/install/px4_offboard_control/share/px4_offboard_control/package.xml
[4.511s] Invoked command in '/home/cone/ws_offboard_control/build/px4_offboard_control' returned '0': CMAKE_PREFIX_PATH=/home/cone/ws_offboard_control/install/px4_msgs:/home/cone/ws_offboard_control/install/px4_offboard_control:/home/cone/ros2_ws/install/my_camera_pkg:/opt/ros/humble /usr/bin/cmake --install /home/cone/ws_offboard_control/build/px4_offboard_control
