[0.075s] Invoking command in '/home/cone/ws_offboard_control/build/px4_offboard_control': CMAKE_PREFIX_PATH=/home/cone/ws_offboard_control/install/px4_msgs:/home/cone/ws_offboard_control/install/px4_offboard_control:/home/cone/ros2_ws/install/my_camera_pkg:/opt/ros/humble /usr/bin/cmake --build /home/cone/ws_offboard_control/build/px4_offboard_control -- -j4 -l4
[0.318s] [35m[1mConsolidate compiler generated dependencies of target get_pose[0m
[0.389s] [ 50%] Built target offboard_control
[0.443s] [ 75%] [32mBuilding CXX object CMakeFiles/get_pose.dir/src/get_pose.cpp.o[0m
[49.595s] [100%] [32m[1mLinking CXX executable get_pose[0m
[52.505s] [100%] Built target get_pose
[52.553s] Invoked command in '/home/cone/ws_offboard_control/build/px4_offboard_control' returned '0': CMAKE_PREFIX_PATH=/home/cone/ws_offboard_control/install/px4_msgs:/home/cone/ws_offboard_control/install/px4_offboard_control:/home/cone/ros2_ws/install/my_camera_pkg:/opt/ros/humble /usr/bin/cmake --build /home/cone/ws_offboard_control/build/px4_offboard_control -- -j4 -l4
[52.604s] Invoking command in '/home/cone/ws_offboard_control/build/px4_offboard_control': CMAKE_PREFIX_PATH=/home/cone/ws_offboard_control/install/px4_msgs:/home/cone/ws_offboard_control/install/px4_offboard_control:/home/cone/ros2_ws/install/my_camera_pkg:/opt/ros/humble /usr/bin/cmake --install /home/cone/ws_offboard_control/build/px4_offboard_control
[52.637s] -- Install configuration: ""
[52.639s] -- Execute custom install script
[52.641s] -- Up-to-date symlink: /home/cone/ws_offboard_control/install/px4_offboard_control/lib/px4_offboard_control/offboard_control
[52.642s] -- Up-to-date symlink: /home/cone/ws_offboard_control/install/px4_offboard_control/lib/px4_offboard_control/get_pose
[52.646s] -- Up-to-date symlink: /home/cone/ws_offboard_control/install/px4_offboard_control/share/ament_index/resource_index/package_run_dependencies/px4_offboard_control
[52.647s] -- Up-to-date symlink: /home/cone/ws_offboard_control/install/px4_offboard_control/share/ament_index/resource_index/parent_prefix_path/px4_offboard_control
[52.649s] -- Up-to-date symlink: /home/cone/ws_offboard_control/install/px4_offboard_control/share/px4_offboard_control/environment/ament_prefix_path.sh
[52.650s] -- Up-to-date symlink: /home/cone/ws_offboard_control/install/px4_offboard_control/share/px4_offboard_control/environment/ament_prefix_path.dsv
[52.651s] -- Up-to-date symlink: /home/cone/ws_offboard_control/install/px4_offboard_control/share/px4_offboard_control/environment/path.sh
[52.653s] -- Up-to-date symlink: /home/cone/ws_offboard_control/install/px4_offboard_control/share/px4_offboard_control/environment/path.dsv
[52.654s] -- Up-to-date symlink: /home/cone/ws_offboard_control/install/px4_offboard_control/share/px4_offboard_control/local_setup.bash
[52.655s] -- Up-to-date symlink: /home/cone/ws_offboard_control/install/px4_offboard_control/share/px4_offboard_control/local_setup.sh
[52.657s] -- Up-to-date symlink: /home/cone/ws_offboard_control/install/px4_offboard_control/share/px4_offboard_control/local_setup.zsh
[52.658s] -- Up-to-date symlink: /home/cone/ws_offboard_control/install/px4_offboard_control/share/px4_offboard_control/local_setup.dsv
[52.659s] -- Symlinking: /home/cone/ws_offboard_control/install/px4_offboard_control/share/px4_offboard_control/package.dsv
[52.698s] -- Up-to-date symlink: /home/cone/ws_offboard_control/install/px4_offboard_control/share/ament_index/resource_index/packages/px4_offboard_control
[52.700s] -- Up-to-date symlink: /home/cone/ws_offboard_control/install/px4_offboard_control/share/px4_offboard_control/cmake/ament_cmake_export_dependencies-extras.cmake
[52.701s] -- Up-to-date symlink: /home/cone/ws_offboard_control/install/px4_offboard_control/share/px4_offboard_control/cmake/px4_offboard_controlConfig.cmake
[52.702s] -- Up-to-date symlink: /home/cone/ws_offboard_control/install/px4_offboard_control/share/px4_offboard_control/cmake/px4_offboard_controlConfig-version.cmake
[52.703s] -- Up-to-date symlink: /home/cone/ws_offboard_control/install/px4_offboard_control/share/px4_offboard_control/package.xml
[52.723s] Invoked command in '/home/cone/ws_offboard_control/build/px4_offboard_control' returned '0': CMAKE_PREFIX_PATH=/home/cone/ws_offboard_control/install/px4_msgs:/home/cone/ws_offboard_control/install/px4_offboard_control:/home/cone/ros2_ws/install/my_camera_pkg:/opt/ros/humble /usr/bin/cmake --install /home/cone/ws_offboard_control/build/px4_offboard_control
