[0.533s] DEBUG:colcon:Command line arguments: ['/usr/bin/colcon', 'build', '--symlink-install', '--packages-select', 'px4_offboard_control']
[0.534s] DEBUG:colcon:Parsed command line arguments: Namespace(log_base=None, log_level=None, verb_name='build', build_base='build', install_base='install', merge_install=False, symlink_install=True, test_result_base=None, continue_on_error=False, executor='parallel', parallel_workers=4, event_handlers=None, ignore_user_meta=False, metas=['./colcon.meta'], base_paths=['.'], packages_ignore=None, packages_ignore_regex=None, paths=None, packages_up_to=None, packages_up_to_regex=None, packages_above=None, packages_above_and_dependencies=None, packages_above_depth=None, packages_select_by_dep=None, packages_skip_by_dep=None, packages_skip_up_to=None, packages_select_build_failed=False, packages_skip_build_finished=False, packages_select_test_failures=False, packages_skip_test_passed=False, packages_select=['px4_offboard_control'], packages_skip=None, packages_select_regex=None, packages_skip_regex=None, packages_start=None, packages_end=None, allow_overriding=[], cmake_args=None, cmake_target=None, cmake_target_skip_unavailable=False, cmake_clean_cache=False, cmake_clean_first=False, cmake_force_configure=False, ament_cmake_args=None, catkin_cmake_args=None, catkin_skip_building_tests=False, mixin_files=None, mixin=None, verb_parser=<colcon_mixin.mixin.mixin_argument.MixinArgumentDecorator object at 0xffff90fcbbb0>, verb_extension=<colcon_core.verb.build.BuildVerb object at 0xffff911ccbe0>, main=<bound method BuildVerb.main of <colcon_core.verb.build.BuildVerb object at 0xffff911ccbe0>>, mixin_verb=('build',))
[0.725s] Level 1:colcon.colcon_core.package_discovery:discover_packages(colcon_meta) check parameters
[0.726s] Level 1:colcon.colcon_core.package_discovery:discover_packages(recursive) check parameters
[0.726s] Level 1:colcon.colcon_core.package_discovery:discover_packages(ignore) check parameters
[0.726s] Level 1:colcon.colcon_core.package_discovery:discover_packages(path) check parameters
[0.726s] Level 1:colcon.colcon_core.package_discovery:discover_packages(colcon_meta) discover
[0.727s] Level 1:colcon.colcon_core.package_discovery:discover_packages(recursive) discover
[0.727s] INFO:colcon.colcon_core.package_discovery:Crawling recursively for packages in '/home/cone/ws_offboard_control'
[0.727s] Level 1:colcon.colcon_core.package_identification:_identify(.) by extensions ['ignore', 'ignore_ament_install']
[0.728s] Level 1:colcon.colcon_core.package_identification:_identify(.) by extension 'ignore'
[0.728s] Level 1:colcon.colcon_core.package_identification:_identify(.) by extension 'ignore_ament_install'
[0.728s] Level 1:colcon.colcon_core.package_identification:_identify(.) by extensions ['colcon_pkg']
[0.728s] Level 1:colcon.colcon_core.package_identification:_identify(.) by extension 'colcon_pkg'
[0.728s] Level 1:colcon.colcon_core.package_identification:_identify(.) by extensions ['colcon_meta']
[0.728s] Level 1:colcon.colcon_core.package_identification:_identify(.) by extension 'colcon_meta'
[0.729s] Level 1:colcon.colcon_core.package_identification:_identify(.) by extensions ['ros']
[0.729s] Level 1:colcon.colcon_core.package_identification:_identify(.) by extension 'ros'
[0.797s] Level 1:colcon.colcon_core.package_identification:_identify(.) by extensions ['cmake', 'python']
[0.797s] Level 1:colcon.colcon_core.package_identification:_identify(.) by extension 'cmake'
[0.797s] Level 1:colcon.colcon_core.package_identification:_identify(.) by extension 'python'
[0.798s] Level 1:colcon.colcon_core.package_identification:_identify(.) by extensions ['python_setup_py']
[0.798s] Level 1:colcon.colcon_core.package_identification:_identify(.) by extension 'python_setup_py'
[0.798s] Level 1:colcon.colcon_core.package_identification:_identify(build) by extensions ['ignore', 'ignore_ament_install']
[0.799s] Level 1:colcon.colcon_core.package_identification:_identify(build) by extension 'ignore'
[0.799s] Level 1:colcon.colcon_core.package_identification:_identify(build) ignored
[0.800s] Level 1:colcon.colcon_core.package_identification:_identify(install) by extensions ['ignore', 'ignore_ament_install']
[0.800s] Level 1:colcon.colcon_core.package_identification:_identify(install) by extension 'ignore'
[0.800s] Level 1:colcon.colcon_core.package_identification:_identify(install) ignored
[0.801s] Level 1:colcon.colcon_core.package_identification:_identify(log) by extensions ['ignore', 'ignore_ament_install']
[0.801s] Level 1:colcon.colcon_core.package_identification:_identify(log) by extension 'ignore'
[0.802s] Level 1:colcon.colcon_core.package_identification:_identify(log) ignored
[0.802s] Level 1:colcon.colcon_core.package_identification:_identify(src) by extensions ['ignore', 'ignore_ament_install']
[0.802s] Level 1:colcon.colcon_core.package_identification:_identify(src) by extension 'ignore'
[0.803s] Level 1:colcon.colcon_core.package_identification:_identify(src) by extension 'ignore_ament_install'
[0.803s] Level 1:colcon.colcon_core.package_identification:_identify(src) by extensions ['colcon_pkg']
[0.803s] Level 1:colcon.colcon_core.package_identification:_identify(src) by extension 'colcon_pkg'
[0.803s] Level 1:colcon.colcon_core.package_identification:_identify(src) by extensions ['colcon_meta']
[0.803s] Level 1:colcon.colcon_core.package_identification:_identify(src) by extension 'colcon_meta'
[0.803s] Level 1:colcon.colcon_core.package_identification:_identify(src) by extensions ['ros']
[0.804s] Level 1:colcon.colcon_core.package_identification:_identify(src) by extension 'ros'
[0.804s] Level 1:colcon.colcon_core.package_identification:_identify(src) by extensions ['cmake', 'python']
[0.804s] Level 1:colcon.colcon_core.package_identification:_identify(src) by extension 'cmake'
[0.804s] Level 1:colcon.colcon_core.package_identification:_identify(src) by extension 'python'
[0.804s] Level 1:colcon.colcon_core.package_identification:_identify(src) by extensions ['python_setup_py']
[0.805s] Level 1:colcon.colcon_core.package_identification:_identify(src) by extension 'python_setup_py'
[0.805s] Level 1:colcon.colcon_core.package_identification:_identify(src/px4_msgs) by extensions ['ignore', 'ignore_ament_install']
[0.805s] Level 1:colcon.colcon_core.package_identification:_identify(src/px4_msgs) by extension 'ignore'
[0.806s] Level 1:colcon.colcon_core.package_identification:_identify(src/px4_msgs) by extension 'ignore_ament_install'
[0.806s] Level 1:colcon.colcon_core.package_identification:_identify(src/px4_msgs) by extensions ['colcon_pkg']
[0.806s] Level 1:colcon.colcon_core.package_identification:_identify(src/px4_msgs) by extension 'colcon_pkg'
[0.806s] Level 1:colcon.colcon_core.package_identification:_identify(src/px4_msgs) by extensions ['colcon_meta']
[0.806s] Level 1:colcon.colcon_core.package_identification:_identify(src/px4_msgs) by extension 'colcon_meta'
[0.807s] Level 1:colcon.colcon_core.package_identification:_identify(src/px4_msgs) by extensions ['ros']
[0.807s] Level 1:colcon.colcon_core.package_identification:_identify(src/px4_msgs) by extension 'ros'
[0.817s] DEBUG:colcon.colcon_core.package_identification:Package 'src/px4_msgs' with type 'ros.ament_cmake' and name 'px4_msgs'
[0.818s] Level 1:colcon.colcon_core.package_identification:_identify(src/px4_offboard_control) by extensions ['ignore', 'ignore_ament_install']
[0.818s] Level 1:colcon.colcon_core.package_identification:_identify(src/px4_offboard_control) by extension 'ignore'
[0.819s] Level 1:colcon.colcon_core.package_identification:_identify(src/px4_offboard_control) by extension 'ignore_ament_install'
[0.819s] Level 1:colcon.colcon_core.package_identification:_identify(src/px4_offboard_control) by extensions ['colcon_pkg']
[0.819s] Level 1:colcon.colcon_core.package_identification:_identify(src/px4_offboard_control) by extension 'colcon_pkg'
[0.819s] Level 1:colcon.colcon_core.package_identification:_identify(src/px4_offboard_control) by extensions ['colcon_meta']
[0.819s] Level 1:colcon.colcon_core.package_identification:_identify(src/px4_offboard_control) by extension 'colcon_meta'
[0.820s] Level 1:colcon.colcon_core.package_identification:_identify(src/px4_offboard_control) by extensions ['ros']
[0.820s] Level 1:colcon.colcon_core.package_identification:_identify(src/px4_offboard_control) by extension 'ros'
[0.823s] DEBUG:colcon.colcon_core.package_identification:Package 'src/px4_offboard_control' with type 'ros.ament_cmake' and name 'px4_offboard_control'
[0.823s] Level 1:colcon.colcon_core.package_discovery:discover_packages(recursive) using defaults
[0.823s] Level 1:colcon.colcon_core.package_discovery:discover_packages(ignore) discover
[0.823s] Level 1:colcon.colcon_core.package_discovery:discover_packages(ignore) using defaults
[0.823s] Level 1:colcon.colcon_core.package_discovery:discover_packages(path) discover
[0.824s] Level 1:colcon.colcon_core.package_discovery:discover_packages(path) using defaults
[0.911s] INFO:colcon.colcon_core.package_selection:Skipping not selected package 'px4_msgs' in 'src/px4_msgs'
[0.912s] Level 1:colcon.colcon_core.package_discovery:discover_packages(prefix_path) check parameters
[0.913s] Level 1:colcon.colcon_core.package_discovery:discover_packages(prefix_path) discover
[0.926s] DEBUG:colcon.colcon_installed_package_information.package_discovery:Found 2 installed packages in /home/cone/ws_offboard_control/install
[0.929s] DEBUG:colcon.colcon_installed_package_information.package_discovery:Found 1 installed packages in /home/cone/ros2_ws/install
[0.939s] DEBUG:colcon.colcon_installed_package_information.package_discovery:Found 282 installed packages in /opt/ros/humble
[0.947s] Level 1:colcon.colcon_core.package_discovery:discover_packages(prefix_path) using defaults
[1.138s] Level 5:colcon.colcon_core.verb:set package 'px4_offboard_control' build argument 'cmake_args' from command line to 'None'
[1.139s] Level 5:colcon.colcon_core.verb:set package 'px4_offboard_control' build argument 'cmake_target' from command line to 'None'
[1.139s] Level 5:colcon.colcon_core.verb:set package 'px4_offboard_control' build argument 'cmake_target_skip_unavailable' from command line to 'False'
[1.139s] Level 5:colcon.colcon_core.verb:set package 'px4_offboard_control' build argument 'cmake_clean_cache' from command line to 'False'
[1.139s] Level 5:colcon.colcon_core.verb:set package 'px4_offboard_control' build argument 'cmake_clean_first' from command line to 'False'
[1.139s] Level 5:colcon.colcon_core.verb:set package 'px4_offboard_control' build argument 'cmake_force_configure' from command line to 'False'
[1.139s] Level 5:colcon.colcon_core.verb:set package 'px4_offboard_control' build argument 'ament_cmake_args' from command line to 'None'
[1.139s] Level 5:colcon.colcon_core.verb:set package 'px4_offboard_control' build argument 'catkin_cmake_args' from command line to 'None'
[1.139s] Level 5:colcon.colcon_core.verb:set package 'px4_offboard_control' build argument 'catkin_skip_building_tests' from command line to 'False'
[1.140s] DEBUG:colcon.colcon_core.verb:Building package 'px4_offboard_control' with the following arguments: {'ament_cmake_args': None, 'build_base': '/home/cone/ws_offboard_control/build/px4_offboard_control', 'catkin_cmake_args': None, 'catkin_skip_building_tests': False, 'cmake_args': None, 'cmake_clean_cache': False, 'cmake_clean_first': False, 'cmake_force_configure': False, 'cmake_target': None, 'cmake_target_skip_unavailable': False, 'install_base': '/home/cone/ws_offboard_control/install/px4_offboard_control', 'merge_install': False, 'path': '/home/cone/ws_offboard_control/src/px4_offboard_control', 'symlink_install': True, 'test_result_base': None}
[1.140s] INFO:colcon.colcon_core.executor:Executing jobs using 'parallel' executor
[1.143s] DEBUG:colcon.colcon_parallel_executor.executor.parallel:run_until_complete
[1.144s] INFO:colcon.colcon_ros.task.ament_cmake.build:Building ROS package in '/home/cone/ws_offboard_control/src/px4_offboard_control' with build type 'ament_cmake'
[1.145s] INFO:colcon.colcon_cmake.task.cmake.build:Building CMake package in '/home/cone/ws_offboard_control/src/px4_offboard_control'
[1.155s] INFO:colcon.colcon_core.plugin_system:Skipping extension 'colcon_core.shell.bat': Not used on non-Windows systems
[1.156s] INFO:colcon.colcon_core.shell:Skip shell extension 'powershell' for command environment: Not usable outside of PowerShell
[1.156s] DEBUG:colcon.colcon_core.shell:Skip shell extension 'dsv' for command environment
[1.217s] DEBUG:colcon.colcon_core.event_handler.log_command:Invoking command in '/home/cone/ws_offboard_control/build/px4_offboard_control': CMAKE_PREFIX_PATH=/home/cone/ws_offboard_control/install/px4_msgs:/home/cone/ws_offboard_control/install/px4_offboard_control:/home/cone/ros2_ws/install/my_camera_pkg:/opt/ros/humble /usr/bin/cmake --build /home/cone/ws_offboard_control/build/px4_offboard_control -- -j4 -l4
[53.017s] DEBUG:colcon.colcon_core.event_handler.log_command:Invoked command in '/home/cone/ws_offboard_control/build/px4_offboard_control' returned '2': CMAKE_PREFIX_PATH=/home/cone/ws_offboard_control/install/px4_msgs:/home/cone/ws_offboard_control/install/px4_offboard_control:/home/cone/ros2_ws/install/my_camera_pkg:/opt/ros/humble /usr/bin/cmake --build /home/cone/ws_offboard_control/build/px4_offboard_control -- -j4 -l4
[53.019s] Level 1:colcon.colcon_core.environment:create_environment_scripts_only(px4_offboard_control)
[53.031s] Level 1:colcon.colcon_core.environment:checking '/home/cone/ws_offboard_control/install/px4_offboard_control' for CMake module files
[53.035s] Level 1:colcon.colcon_core.environment:checking '/home/cone/ws_offboard_control/install/px4_offboard_control' for CMake config files
[53.038s] Level 1:colcon.colcon_core.shell:create_environment_hook('px4_offboard_control', 'cmake_prefix_path')
[53.039s] INFO:colcon.colcon_core.shell:Creating environment hook '/home/cone/ws_offboard_control/install/px4_offboard_control/share/px4_offboard_control/hook/cmake_prefix_path.ps1'
[53.042s] INFO:colcon.colcon_core.shell:Creating environment descriptor '/home/cone/ws_offboard_control/install/px4_offboard_control/share/px4_offboard_control/hook/cmake_prefix_path.dsv'
[53.044s] INFO:colcon.colcon_core.shell:Creating environment hook '/home/cone/ws_offboard_control/install/px4_offboard_control/share/px4_offboard_control/hook/cmake_prefix_path.sh'
[53.049s] Level 1:colcon.colcon_core.environment:checking '/home/cone/ws_offboard_control/install/px4_offboard_control/lib'
[53.050s] Level 1:colcon.colcon_core.environment:checking '/home/cone/ws_offboard_control/install/px4_offboard_control/bin'
[53.050s] Level 1:colcon.colcon_core.environment:checking '/home/cone/ws_offboard_control/install/px4_offboard_control/lib/pkgconfig/px4_offboard_control.pc'
[53.051s] Level 1:colcon.colcon_core.environment:checking '/home/cone/ws_offboard_control/install/px4_offboard_control/lib/python3.10/site-packages'
[53.052s] Level 1:colcon.colcon_core.environment:checking '/home/cone/ws_offboard_control/install/px4_offboard_control/bin'
[53.053s] INFO:colcon.colcon_core.shell:Creating package script '/home/cone/ws_offboard_control/install/px4_offboard_control/share/px4_offboard_control/package.ps1'
[53.057s] INFO:colcon.colcon_core.shell:Creating package descriptor '/home/cone/ws_offboard_control/install/px4_offboard_control/share/px4_offboard_control/package.dsv'
[53.060s] INFO:colcon.colcon_core.shell:Creating package script '/home/cone/ws_offboard_control/install/px4_offboard_control/share/px4_offboard_control/package.sh'
[53.064s] INFO:colcon.colcon_core.shell:Creating package script '/home/cone/ws_offboard_control/install/px4_offboard_control/share/px4_offboard_control/package.bash'
[53.068s] INFO:colcon.colcon_core.shell:Creating package script '/home/cone/ws_offboard_control/install/px4_offboard_control/share/px4_offboard_control/package.zsh'
[53.071s] Level 1:colcon.colcon_core.environment:create_file_with_runtime_dependencies(/home/cone/ws_offboard_control/install/px4_offboard_control/share/colcon-core/packages/px4_offboard_control)
[53.083s] DEBUG:colcon.colcon_parallel_executor.executor.parallel:closing loop
[53.084s] DEBUG:colcon.colcon_parallel_executor.executor.parallel:loop closed
[53.084s] DEBUG:colcon.colcon_parallel_executor.executor.parallel:run_until_complete finished with '2'
[53.085s] DEBUG:colcon.colcon_core.event_reactor:joining thread
[53.112s] INFO:colcon.colcon_core.plugin_system:Skipping extension 'colcon_notification.desktop_notification.terminal_notifier': Not used on non-Darwin systems
[53.112s] INFO:colcon.colcon_core.plugin_system:Skipping extension 'colcon_notification.desktop_notification.win32': Not used on non-Windows systems
[53.113s] INFO:colcon.colcon_notification.desktop_notification:Sending desktop notification using 'notify2'
[53.164s] DEBUG:colcon.colcon_core.event_reactor:joined thread
[53.166s] INFO:colcon.colcon_core.shell:Creating prefix script '/home/cone/ws_offboard_control/install/local_setup.ps1'
[53.171s] INFO:colcon.colcon_core.shell:Creating prefix util module '/home/cone/ws_offboard_control/install/_local_setup_util_ps1.py'
[53.179s] INFO:colcon.colcon_core.shell:Creating prefix chain script '/home/cone/ws_offboard_control/install/setup.ps1'
[53.185s] INFO:colcon.colcon_core.shell:Creating prefix script '/home/cone/ws_offboard_control/install/local_setup.sh'
[53.188s] INFO:colcon.colcon_core.shell:Creating prefix util module '/home/cone/ws_offboard_control/install/_local_setup_util_sh.py'
[53.191s] INFO:colcon.colcon_core.shell:Creating prefix chain script '/home/cone/ws_offboard_control/install/setup.sh'
[53.197s] INFO:colcon.colcon_core.shell:Creating prefix script '/home/cone/ws_offboard_control/install/local_setup.bash'
[53.199s] INFO:colcon.colcon_core.shell:Creating prefix chain script '/home/cone/ws_offboard_control/install/setup.bash'
[53.205s] INFO:colcon.colcon_core.shell:Creating prefix script '/home/cone/ws_offboard_control/install/local_setup.zsh'
[53.208s] INFO:colcon.colcon_core.shell:Creating prefix chain script '/home/cone/ws_offboard_control/install/setup.zsh'
