[0.064s] Invoking command in '/home/cone/ws_offboard_control/build/px4_offboard_control': CMAKE_PREFIX_PATH=/home/cone/ws_offboard_control/install/px4_msgs:/home/cone/ws_offboard_control/install/px4_offboard_control:/home/cone/ros2_ws/install/my_camera_pkg:/opt/ros/humble /usr/bin/cmake /home/cone/ws_offboard_control/src/px4_offboard_control -DAMENT_CMAKE_SYMLINK_INSTALL=1 -DCMAKE_INSTALL_PREFIX=/home/cone/ws_offboard_control/install/px4_offboard_control
[0.124s] -- Found ament_cmake: 1.3.11 (/opt/ros/humble/share/ament_cmake/cmake)
[0.759s] -- Override CMake install command with custom implementation using symlinks instead of copying resources
[0.796s] -- Found rclcpp: 16.0.12 (/opt/ros/humble/share/rclcpp/cmake)
[1.012s] -- Found rosidl_generator_c: 3.1.6 (/opt/ros/humble/share/rosidl_generator_c/cmake)
[1.024s] -- Found rosidl_adapter: 3.1.6 (/opt/ros/humble/share/rosidl_adapter/cmake)
[1.051s] -- Found rosidl_generator_cpp: 3.1.6 (/opt/ros/humble/share/rosidl_generator_cpp/cmake)
[1.095s] -- Using all available rosidl_typesupport_c: rosidl_typesupport_fastrtps_c;rosidl_typesupport_introspection_c
[1.153s] -- Using all available rosidl_typesupport_cpp: rosidl_typesupport_fastrtps_cpp;rosidl_typesupport_introspection_cpp
[1.298s] -- Found rmw_implementation_cmake: 6.1.2 (/opt/ros/humble/share/rmw_implementation_cmake/cmake)
[1.306s] -- Found rmw_fastrtps_cpp: 6.2.7 (/opt/ros/humble/share/rmw_fastrtps_cpp/cmake)
[2.569s] -- Using RMW implementation 'rmw_fastrtps_cpp' as default
[2.783s] -- Found px4_msgs: 2.0.1 (/home/cone/ws_offboard_control/install/px4_msgs/share/px4_msgs/cmake)
[2.835s] -- Found tf2: 0.25.12 (/opt/ros/humble/share/tf2/cmake)
[2.906s] -- Found tf2_geometry_msgs: 0.25.13 (/opt/ros/humble/share/tf2_geometry_msgs/cmake)
[2.921s] -- Found eigen3_cmake_module: 0.1.1 (/opt/ros/humble/share/eigen3_cmake_module/cmake)
[2.927s] -- Ensuring Eigen3 include directory is part of orocos-kdl CMake target
[3.280s] -- Found sensor_msgs: 4.8.0 (/opt/ros/humble/share/sensor_msgs/cmake)
[3.368s] [31mCMake Error at /opt/ros/humble/share/ament_cmake_target_dependencies/cmake/ament_target_dependencies.cmake:77 (message):
[3.369s]   ament_target_dependencies() the passed package name 'get_pose' was not
[3.369s]   found before
[3.369s] Call Stack (most recent call first):
[3.370s]   CMakeLists.txt:60 (ament_target_dependencies)
[3.370s] 
[3.370s] [0m
[3.371s] -- Configuring incomplete, errors occurred!
[3.371s] See also "/home/cone/ws_offboard_control/build/px4_offboard_control/CMakeFiles/CMakeOutput.log".
[3.404s] Invoked command in '/home/cone/ws_offboard_control/build/px4_offboard_control' returned '1': CMAKE_PREFIX_PATH=/home/cone/ws_offboard_control/install/px4_msgs:/home/cone/ws_offboard_control/install/px4_offboard_control:/home/cone/ros2_ws/install/my_camera_pkg:/opt/ros/humble /usr/bin/cmake /home/cone/ws_offboard_control/src/px4_offboard_control -DAMENT_CMAKE_SYMLINK_INSTALL=1 -DCMAKE_INSTALL_PREFIX=/home/cone/ws_offboard_control/install/px4_offboard_control
