[0.114s] Invoking command in '/home/cone/ws_offboard_control/build/px4_offboard_control': CMAKE_PREFIX_PATH=/home/cone/ws_offboard_control/install/px4_msgs:/home/cone/ws_offboard_control/install/px4_offboard_control:/home/cone/ros2_ws/install/my_camera_pkg:/opt/ros/humble /usr/bin/cmake --build /home/cone/ws_offboard_control/build/px4_offboard_control -- -j4 -l4
[0.606s] -- Found ament_cmake: 1.3.11 (/opt/ros/humble/share/ament_cmake/cmake)
[1.330s] -- Override CMake install command with custom implementation using symlinks instead of copying resources
[1.415s] -- Found rclcpp: 16.0.12 (/opt/ros/humble/share/rclcpp/cmake)
[1.705s] -- Found rosidl_generator_c: 3.1.6 (/opt/ros/humble/share/rosidl_generator_c/cmake)
[1.723s] -- Found rosidl_adapter: 3.1.6 (/opt/ros/humble/share/rosidl_adapter/cmake)
[1.774s] -- Found rosidl_generator_cpp: 3.1.6 (/opt/ros/humble/share/rosidl_generator_cpp/cmake)
[1.849s] -- Using all available rosidl_typesupport_c: rosidl_typesupport_fastrtps_c;rosidl_typesupport_introspection_c
[1.938s] -- Using all available rosidl_typesupport_cpp: rosidl_typesupport_fastrtps_cpp;rosidl_typesupport_introspection_cpp
[2.175s] -- Found rmw_implementation_cmake: 6.1.2 (/opt/ros/humble/share/rmw_implementation_cmake/cmake)
[2.189s] -- Found rmw_fastrtps_cpp: 6.2.7 (/opt/ros/humble/share/rmw_fastrtps_cpp/cmake)
[3.574s] -- Using RMW implementation 'rmw_fastrtps_cpp' as default
[3.916s] -- Found px4_msgs: 2.0.1 (/home/cone/ws_offboard_control/install/px4_msgs/share/px4_msgs/cmake)
[4.015s] -- Found tf2: 0.25.12 (/opt/ros/humble/share/tf2/cmake)
[4.126s] -- Found tf2_geometry_msgs: 0.25.13 (/opt/ros/humble/share/tf2_geometry_msgs/cmake)
[4.150s] -- Found eigen3_cmake_module: 0.1.1 (/opt/ros/humble/share/eigen3_cmake_module/cmake)
[4.158s] -- Ensuring Eigen3 include directory is part of orocos-kdl CMake target
[5.011s] -- Found sensor_msgs: 4.8.0 (/opt/ros/humble/share/sensor_msgs/cmake)
[5.145s] -- Found ament_lint_auto: 0.12.12 (/opt/ros/humble/share/ament_lint_auto/cmake)
[5.578s] -- Added test 'cppcheck' to perform static code analysis on C / C++ code
[5.580s] -- Configured cppcheck include dirs: /home/cone/ws_offboard_control/src/px4_offboard_control/include;$<BUILD_INTERFACE:/home/cone/ws_offboard_control/src/px4_offboard_control/include>
[5.580s] -- Configured cppcheck exclude dirs and/or files: 
[5.592s] -- Added test 'flake8' to check Python code syntax and style conventions
[5.604s] -- Added test 'lint_cmake' to check CMake code style
[5.616s] -- Added test 'pep257' to check Python code against some of the docstring style conventions in PEP 257
[5.652s] -- Added test 'uncrustify' to check C / C++ code style
[5.653s] -- Configured uncrustify additional arguments: 
[5.663s] -- Added test 'xmllint' to check XML markup files
[5.681s] -- Configuring done
[5.895s] -- Generating done
[5.930s] -- Build files have been written to: /home/cone/ws_offboard_control/build/px4_offboard_control
[6.080s] [35m[1mConsolidate compiler generated dependencies of target offboard_control[0m
[6.081s] [35m[1mConsolidate compiler generated dependencies of target offboard_control_default[0m
[6.121s] [ 16%] [32mBuilding CXX object CMakeFiles/get_pose.dir/src/get_pose.cpp.o[0m
[6.473s] [ 50%] Built target offboard_control_default
[6.487s] [ 83%] Built target offboard_control
[6.492s] [01m[K/home/cone/ws_offboard_control/src/px4_offboard_control/src/get_pose.cpp:1:10:[m[K [01;31m[Kfatal error: [m[Kpx4_msgs/msg/vehicle_odometry.hpp: No such file or directory
[6.492s]     1 | #include [01;31m[K<px4_msgs/msg/vehicle_odometry.hpp>[m[K
[6.492s]       |          [01;31m[K^~~~~~~~~~~~~~~~~~~~~~~~~~~~~~~~~~~[m[K
[6.493s] compilation terminated.
[6.503s] gmake[2]: *** [CMakeFiles/get_pose.dir/build.make:76: CMakeFiles/get_pose.dir/src/get_pose.cpp.o] Error 1
[6.504s] gmake[1]: *** [CMakeFiles/Makefile2:193: CMakeFiles/get_pose.dir/all] Error 2
[6.505s] gmake: *** [Makefile:146: all] Error 2
[6.515s] Invoked command in '/home/cone/ws_offboard_control/build/px4_offboard_control' returned '2': CMAKE_PREFIX_PATH=/home/cone/ws_offboard_control/install/px4_msgs:/home/cone/ws_offboard_control/install/px4_offboard_control:/home/cone/ros2_ws/install/my_camera_pkg:/opt/ros/humble /usr/bin/cmake --build /home/cone/ws_offboard_control/build/px4_offboard_control -- -j4 -l4
