[0.074s] Invoking command in '/home/cone/ws_offboard_control/build/px4_offboard_control': CMAKE_PREFIX_PATH=/home/cone/ws_offboard_control/install/px4_msgs:/home/cone/ws_offboard_control/install/px4_offboard_control:/home/cone/ros2_ws/install/my_camera_pkg:/opt/ros/humble /usr/bin/cmake --build /home/cone/ws_offboard_control/build/px4_offboard_control -- -j4 -l4
[0.363s] [ 25%] [32mBuilding CXX object CMakeFiles/get_pose.dir/src/get_pose.cpp.o[0m
[0.371s] [ 75%] Built target offboard_control
[40.842s] [100%] [32m[1mLinking CXX executable get_pose[0m
[43.517s] [100%] Built target get_pose
[43.563s] Invoked command in '/home/cone/ws_offboard_control/build/px4_offboard_control' returned '0': CMAKE_PREFIX_PATH=/home/cone/ws_offboard_control/install/px4_msgs:/home/cone/ws_offboard_control/install/px4_offboard_control:/home/cone/ros2_ws/install/my_camera_pkg:/opt/ros/humble /usr/bin/cmake --build /home/cone/ws_offboard_control/build/px4_offboard_control -- -j4 -l4
[43.611s] Invoking command in '/home/cone/ws_offboard_control/build/px4_offboard_control': CMAKE_PREFIX_PATH=/home/cone/ws_offboard_control/install/px4_msgs:/home/cone/ws_offboard_control/install/px4_offboard_control:/home/cone/ros2_ws/install/my_camera_pkg:/opt/ros/humble /usr/bin/cmake --install /home/cone/ws_offboard_control/build/px4_offboard_control
[43.642s] -- Install configuration: ""
[43.644s] -- Execute custom install script
[43.646s] -- Up-to-date symlink: /home/cone/ws_offboard_control/install/px4_offboard_control/lib/px4_offboard_control/offboard_control
[43.647s] -- Up-to-date symlink: /home/cone/ws_offboard_control/install/px4_offboard_control/lib/px4_offboard_control/get_pose
[43.649s] -- Up-to-date symlink: /home/cone/ws_offboard_control/install/px4_offboard_control/share/ament_index/resource_index/package_run_dependencies/px4_offboard_control
[43.651s] -- Up-to-date symlink: /home/cone/ws_offboard_control/install/px4_offboard_control/share/ament_index/resource_index/parent_prefix_path/px4_offboard_control
[43.652s] -- Up-to-date symlink: /home/cone/ws_offboard_control/install/px4_offboard_control/share/px4_offboard_control/environment/ament_prefix_path.sh
[43.653s] -- Up-to-date symlink: /home/cone/ws_offboard_control/install/px4_offboard_control/share/px4_offboard_control/environment/ament_prefix_path.dsv
[43.654s] -- Up-to-date symlink: /home/cone/ws_offboard_control/install/px4_offboard_control/share/px4_offboard_control/environment/path.sh
[43.656s] -- Up-to-date symlink: /home/cone/ws_offboard_control/install/px4_offboard_control/share/px4_offboard_control/environment/path.dsv
[43.657s] -- Up-to-date symlink: /home/cone/ws_offboard_control/install/px4_offboard_control/share/px4_offboard_control/local_setup.bash
[43.658s] -- Up-to-date symlink: /home/cone/ws_offboard_control/install/px4_offboard_control/share/px4_offboard_control/local_setup.sh
[43.659s] -- Up-to-date symlink: /home/cone/ws_offboard_control/install/px4_offboard_control/share/px4_offboard_control/local_setup.zsh
[43.660s] -- Up-to-date symlink: /home/cone/ws_offboard_control/install/px4_offboard_control/share/px4_offboard_control/local_setup.dsv
[43.661s] -- Symlinking: /home/cone/ws_offboard_control/install/px4_offboard_control/share/px4_offboard_control/package.dsv
[43.698s] -- Up-to-date symlink: /home/cone/ws_offboard_control/install/px4_offboard_control/share/ament_index/resource_index/packages/px4_offboard_control
[43.699s] -- Up-to-date symlink: /home/cone/ws_offboard_control/install/px4_offboard_control/share/px4_offboard_control/cmake/ament_cmake_export_dependencies-extras.cmake
[43.700s] -- Up-to-date symlink: /home/cone/ws_offboard_control/install/px4_offboard_control/share/px4_offboard_control/cmake/px4_offboard_controlConfig.cmake
[43.701s] -- Up-to-date symlink: /home/cone/ws_offboard_control/install/px4_offboard_control/share/px4_offboard_control/cmake/px4_offboard_controlConfig-version.cmake
[43.702s] -- Up-to-date symlink: /home/cone/ws_offboard_control/install/px4_offboard_control/share/px4_offboard_control/package.xml
[43.709s] Invoked command in '/home/cone/ws_offboard_control/build/px4_offboard_control' returned '0': CMAKE_PREFIX_PATH=/home/cone/ws_offboard_control/install/px4_msgs:/home/cone/ws_offboard_control/install/px4_offboard_control:/home/cone/ros2_ws/install/my_camera_pkg:/opt/ros/humble /usr/bin/cmake --install /home/cone/ws_offboard_control/build/px4_offboard_control
