[0.547s] DEBUG:colcon:Command line arguments: ['/usr/bin/colcon', 'build', '--symlink-install', '--packages-select', 'px4_offboard_control']
[0.547s] DEBUG:colcon:Parsed command line arguments: Namespace(log_base=None, log_level=None, verb_name='build', build_base='build', install_base='install', merge_install=False, symlink_install=True, test_result_base=None, continue_on_error=False, executor='parallel', parallel_workers=4, event_handlers=None, ignore_user_meta=False, metas=['./colcon.meta'], base_paths=['.'], packages_ignore=None, packages_ignore_regex=None, paths=None, packages_up_to=None, packages_up_to_regex=None, packages_above=None, packages_above_and_dependencies=None, packages_above_depth=None, packages_select_by_dep=None, packages_skip_by_dep=None, packages_skip_up_to=None, packages_select_build_failed=False, packages_skip_build_finished=False, packages_select_test_failures=False, packages_skip_test_passed=False, packages_select=['px4_offboard_control'], packages_skip=None, packages_select_regex=None, packages_skip_regex=None, packages_start=None, packages_end=None, allow_overriding=[], cmake_args=None, cmake_target=None, cmake_target_skip_unavailable=False, cmake_clean_cache=False, cmake_clean_first=False, cmake_force_configure=False, ament_cmake_args=None, catkin_cmake_args=None, catkin_skip_building_tests=False, mixin_files=None, mixin=None, verb_parser=<colcon_mixin.mixin.mixin_argument.MixinArgumentDecorator object at 0xffff9a44bbe0>, verb_extension=<colcon_core.verb.build.BuildVerb object at 0xffff9a644c10>, main=<bound method BuildVerb.main of <colcon_core.verb.build.BuildVerb object at 0xffff9a644c10>>, mixin_verb=('build',))
[0.740s] Level 1:colcon.colcon_core.package_discovery:discover_packages(colcon_meta) check parameters
[0.741s] Level 1:colcon.colcon_core.package_discovery:discover_packages(recursive) check parameters
[0.741s] Level 1:colcon.colcon_core.package_discovery:discover_packages(ignore) check parameters
[0.741s] Level 1:colcon.colcon_core.package_discovery:discover_packages(path) check parameters
[0.741s] Level 1:colcon.colcon_core.package_discovery:discover_packages(colcon_meta) discover
[0.742s] Level 1:colcon.colcon_core.package_discovery:discover_packages(recursive) discover
[0.742s] INFO:colcon.colcon_core.package_discovery:Crawling recursively for packages in '/home/cone/ws_offboard_control'
[0.742s] Level 1:colcon.colcon_core.package_identification:_identify(.) by extensions ['ignore', 'ignore_ament_install']
[0.743s] Level 1:colcon.colcon_core.package_identification:_identify(.) by extension 'ignore'
[0.743s] Level 1:colcon.colcon_core.package_identification:_identify(.) by extension 'ignore_ament_install'
[0.743s] Level 1:colcon.colcon_core.package_identification:_identify(.) by extensions ['colcon_pkg']
[0.744s] Level 1:colcon.colcon_core.package_identification:_identify(.) by extension 'colcon_pkg'
[0.744s] Level 1:colcon.colcon_core.package_identification:_identify(.) by extensions ['colcon_meta']
[0.744s] Level 1:colcon.colcon_core.package_identification:_identify(.) by extension 'colcon_meta'
[0.744s] Level 1:colcon.colcon_core.package_identification:_identify(.) by extensions ['ros']
[0.744s] Level 1:colcon.colcon_core.package_identification:_identify(.) by extension 'ros'
[0.813s] Level 1:colcon.colcon_core.package_identification:_identify(.) by extensions ['cmake', 'python']
[0.813s] Level 1:colcon.colcon_core.package_identification:_identify(.) by extension 'cmake'
[0.814s] Level 1:colcon.colcon_core.package_identification:_identify(.) by extension 'python'
[0.814s] Level 1:colcon.colcon_core.package_identification:_identify(.) by extensions ['python_setup_py']
[0.814s] Level 1:colcon.colcon_core.package_identification:_identify(.) by extension 'python_setup_py'
[0.815s] Level 1:colcon.colcon_core.package_identification:_identify(build) by extensions ['ignore', 'ignore_ament_install']
[0.815s] Level 1:colcon.colcon_core.package_identification:_identify(build) by extension 'ignore'
[0.815s] Level 1:colcon.colcon_core.package_identification:_identify(build) ignored
[0.816s] Level 1:colcon.colcon_core.package_identification:_identify(install) by extensions ['ignore', 'ignore_ament_install']
[0.817s] Level 1:colcon.colcon_core.package_identification:_identify(install) by extension 'ignore'
[0.817s] Level 1:colcon.colcon_core.package_identification:_identify(install) ignored
[0.818s] Level 1:colcon.colcon_core.package_identification:_identify(log) by extensions ['ignore', 'ignore_ament_install']
[0.818s] Level 1:colcon.colcon_core.package_identification:_identify(log) by extension 'ignore'
[0.819s] Level 1:colcon.colcon_core.package_identification:_identify(log) ignored
[0.819s] Level 1:colcon.colcon_core.package_identification:_identify(src) by extensions ['ignore', 'ignore_ament_install']
[0.820s] Level 1:colcon.colcon_core.package_identification:_identify(src) by extension 'ignore'
[0.820s] Level 1:colcon.colcon_core.package_identification:_identify(src) by extension 'ignore_ament_install'
[0.820s] Level 1:colcon.colcon_core.package_identification:_identify(src) by extensions ['colcon_pkg']
[0.820s] Level 1:colcon.colcon_core.package_identification:_identify(src) by extension 'colcon_pkg'
[0.821s] Level 1:colcon.colcon_core.package_identification:_identify(src) by extensions ['colcon_meta']
[0.821s] Level 1:colcon.colcon_core.package_identification:_identify(src) by extension 'colcon_meta'
[0.821s] Level 1:colcon.colcon_core.package_identification:_identify(src) by extensions ['ros']
[0.821s] Level 1:colcon.colcon_core.package_identification:_identify(src) by extension 'ros'
[0.822s] Level 1:colcon.colcon_core.package_identification:_identify(src) by extensions ['cmake', 'python']
[0.822s] Level 1:colcon.colcon_core.package_identification:_identify(src) by extension 'cmake'
[0.822s] Level 1:colcon.colcon_core.package_identification:_identify(src) by extension 'python'
[0.822s] Level 1:colcon.colcon_core.package_identification:_identify(src) by extensions ['python_setup_py']
[0.822s] Level 1:colcon.colcon_core.package_identification:_identify(src) by extension 'python_setup_py'
[0.823s] Level 1:colcon.colcon_core.package_identification:_identify(src/px4_msgs) by extensions ['ignore', 'ignore_ament_install']
[0.823s] Level 1:colcon.colcon_core.package_identification:_identify(src/px4_msgs) by extension 'ignore'
[0.824s] Level 1:colcon.colcon_core.package_identification:_identify(src/px4_msgs) by extension 'ignore_ament_install'
[0.824s] Level 1:colcon.colcon_core.package_identification:_identify(src/px4_msgs) by extensions ['colcon_pkg']
[0.824s] Level 1:colcon.colcon_core.package_identification:_identify(src/px4_msgs) by extension 'colcon_pkg'
[0.824s] Level 1:colcon.colcon_core.package_identification:_identify(src/px4_msgs) by extensions ['colcon_meta']
[0.824s] Level 1:colcon.colcon_core.package_identification:_identify(src/px4_msgs) by extension 'colcon_meta'
[0.825s] Level 1:colcon.colcon_core.package_identification:_identify(src/px4_msgs) by extensions ['ros']
[0.825s] Level 1:colcon.colcon_core.package_identification:_identify(src/px4_msgs) by extension 'ros'
[0.836s] DEBUG:colcon.colcon_core.package_identification:Package 'src/px4_msgs' with type 'ros.ament_cmake' and name 'px4_msgs'
[0.836s] Level 1:colcon.colcon_core.package_identification:_identify(src/px4_offboard_control) by extensions ['ignore', 'ignore_ament_install']
[0.837s] Level 1:colcon.colcon_core.package_identification:_identify(src/px4_offboard_control) by extension 'ignore'
[0.837s] Level 1:colcon.colcon_core.package_identification:_identify(src/px4_offboard_control) by extension 'ignore_ament_install'
[0.837s] Level 1:colcon.colcon_core.package_identification:_identify(src/px4_offboard_control) by extensions ['colcon_pkg']
[0.838s] Level 1:colcon.colcon_core.package_identification:_identify(src/px4_offboard_control) by extension 'colcon_pkg'
[0.838s] Level 1:colcon.colcon_core.package_identification:_identify(src/px4_offboard_control) by extensions ['colcon_meta']
[0.838s] Level 1:colcon.colcon_core.package_identification:_identify(src/px4_offboard_control) by extension 'colcon_meta'
[0.838s] Level 1:colcon.colcon_core.package_identification:_identify(src/px4_offboard_control) by extensions ['ros']
[0.838s] Level 1:colcon.colcon_core.package_identification:_identify(src/px4_offboard_control) by extension 'ros'
[0.841s] DEBUG:colcon.colcon_core.package_identification:Package 'src/px4_offboard_control' with type 'ros.ament_cmake' and name 'px4_offboard_control'
[0.841s] Level 1:colcon.colcon_core.package_discovery:discover_packages(recursive) using defaults
[0.842s] Level 1:colcon.colcon_core.package_discovery:discover_packages(ignore) discover
[0.842s] Level 1:colcon.colcon_core.package_discovery:discover_packages(ignore) using defaults
[0.842s] Level 1:colcon.colcon_core.package_discovery:discover_packages(path) discover
[0.842s] Level 1:colcon.colcon_core.package_discovery:discover_packages(path) using defaults
[0.932s] INFO:colcon.colcon_core.package_selection:Skipping not selected package 'px4_msgs' in 'src/px4_msgs'
[0.934s] Level 1:colcon.colcon_core.package_discovery:discover_packages(prefix_path) check parameters
[0.934s] Level 1:colcon.colcon_core.package_discovery:discover_packages(prefix_path) discover
[0.949s] DEBUG:colcon.colcon_installed_package_information.package_discovery:Found 2 installed packages in /home/cone/ws_offboard_control/install
[0.952s] DEBUG:colcon.colcon_installed_package_information.package_discovery:Found 1 installed packages in /home/cone/ros2_ws/install
[0.962s] DEBUG:colcon.colcon_installed_package_information.package_discovery:Found 282 installed packages in /opt/ros/humble
[0.971s] Level 1:colcon.colcon_core.package_discovery:discover_packages(prefix_path) using defaults
[1.188s] Level 5:colcon.colcon_core.verb:set package 'px4_offboard_control' build argument 'cmake_args' from command line to 'None'
[1.188s] Level 5:colcon.colcon_core.verb:set package 'px4_offboard_control' build argument 'cmake_target' from command line to 'None'
[1.189s] Level 5:colcon.colcon_core.verb:set package 'px4_offboard_control' build argument 'cmake_target_skip_unavailable' from command line to 'False'
[1.189s] Level 5:colcon.colcon_core.verb:set package 'px4_offboard_control' build argument 'cmake_clean_cache' from command line to 'False'
[1.189s] Level 5:colcon.colcon_core.verb:set package 'px4_offboard_control' build argument 'cmake_clean_first' from command line to 'False'
[1.189s] Level 5:colcon.colcon_core.verb:set package 'px4_offboard_control' build argument 'cmake_force_configure' from command line to 'False'
[1.189s] Level 5:colcon.colcon_core.verb:set package 'px4_offboard_control' build argument 'ament_cmake_args' from command line to 'None'
[1.189s] Level 5:colcon.colcon_core.verb:set package 'px4_offboard_control' build argument 'catkin_cmake_args' from command line to 'None'
[1.189s] Level 5:colcon.colcon_core.verb:set package 'px4_offboard_control' build argument 'catkin_skip_building_tests' from command line to 'False'
[1.190s] DEBUG:colcon.colcon_core.verb:Building package 'px4_offboard_control' with the following arguments: {'ament_cmake_args': None, 'build_base': '/home/cone/ws_offboard_control/build/px4_offboard_control', 'catkin_cmake_args': None, 'catkin_skip_building_tests': False, 'cmake_args': None, 'cmake_clean_cache': False, 'cmake_clean_first': False, 'cmake_force_configure': False, 'cmake_target': None, 'cmake_target_skip_unavailable': False, 'install_base': '/home/cone/ws_offboard_control/install/px4_offboard_control', 'merge_install': False, 'path': '/home/cone/ws_offboard_control/src/px4_offboard_control', 'symlink_install': True, 'test_result_base': None}
[1.190s] INFO:colcon.colcon_core.executor:Executing jobs using 'parallel' executor
[1.194s] DEBUG:colcon.colcon_parallel_executor.executor.parallel:run_until_complete
[1.195s] INFO:colcon.colcon_ros.task.ament_cmake.build:Building ROS package in '/home/cone/ws_offboard_control/src/px4_offboard_control' with build type 'ament_cmake'
[1.196s] INFO:colcon.colcon_cmake.task.cmake.build:Building CMake package in '/home/cone/ws_offboard_control/src/px4_offboard_control'
[1.207s] INFO:colcon.colcon_core.plugin_system:Skipping extension 'colcon_core.shell.bat': Not used on non-Windows systems
[1.209s] INFO:colcon.colcon_core.shell:Skip shell extension 'powershell' for command environment: Not usable outside of PowerShell
[1.209s] DEBUG:colcon.colcon_core.shell:Skip shell extension 'dsv' for command environment
[1.282s] DEBUG:colcon.colcon_core.event_handler.log_command:Invoking command in '/home/cone/ws_offboard_control/build/px4_offboard_control': CMAKE_PREFIX_PATH=/home/cone/ws_offboard_control/install/px4_msgs:/home/cone/ws_offboard_control/install/px4_offboard_control:/home/cone/ros2_ws/install/my_camera_pkg:/opt/ros/humble /usr/bin/cmake --build /home/cone/ws_offboard_control/build/px4_offboard_control -- -j4 -l4
[46.311s] DEBUG:colcon.colcon_core.event_handler.log_command:Invoked command in '/home/cone/ws_offboard_control/build/px4_offboard_control' returned '0': CMAKE_PREFIX_PATH=/home/cone/ws_offboard_control/install/px4_msgs:/home/cone/ws_offboard_control/install/px4_offboard_control:/home/cone/ros2_ws/install/my_camera_pkg:/opt/ros/humble /usr/bin/cmake --build /home/cone/ws_offboard_control/build/px4_offboard_control -- -j4 -l4
[46.358s] DEBUG:colcon.colcon_core.event_handler.log_command:Invoking command in '/home/cone/ws_offboard_control/build/px4_offboard_control': CMAKE_PREFIX_PATH=/home/cone/ws_offboard_control/install/px4_msgs:/home/cone/ws_offboard_control/install/px4_offboard_control:/home/cone/ros2_ws/install/my_camera_pkg:/opt/ros/humble /usr/bin/cmake --install /home/cone/ws_offboard_control/build/px4_offboard_control
[46.455s] Level 1:colcon.colcon_core.environment:create_environment_scripts_only(px4_offboard_control)
[46.456s] DEBUG:colcon.colcon_core.event_handler.log_command:Invoked command in '/home/cone/ws_offboard_control/build/px4_offboard_control' returned '0': CMAKE_PREFIX_PATH=/home/cone/ws_offboard_control/install/px4_msgs:/home/cone/ws_offboard_control/install/px4_offboard_control:/home/cone/ros2_ws/install/my_camera_pkg:/opt/ros/humble /usr/bin/cmake --install /home/cone/ws_offboard_control/build/px4_offboard_control
[46.468s] Level 1:colcon.colcon_core.environment:checking '/home/cone/ws_offboard_control/install/px4_offboard_control' for CMake module files
[46.472s] Level 1:colcon.colcon_core.environment:checking '/home/cone/ws_offboard_control/install/px4_offboard_control' for CMake config files
[46.475s] Level 1:colcon.colcon_core.shell:create_environment_hook('px4_offboard_control', 'cmake_prefix_path')
[46.476s] INFO:colcon.colcon_core.shell:Creating environment hook '/home/cone/ws_offboard_control/install/px4_offboard_control/share/px4_offboard_control/hook/cmake_prefix_path.ps1'
[46.479s] INFO:colcon.colcon_core.shell:Creating environment descriptor '/home/cone/ws_offboard_control/install/px4_offboard_control/share/px4_offboard_control/hook/cmake_prefix_path.dsv'
[46.481s] INFO:colcon.colcon_core.shell:Creating environment hook '/home/cone/ws_offboard_control/install/px4_offboard_control/share/px4_offboard_control/hook/cmake_prefix_path.sh'
[46.486s] Level 1:colcon.colcon_core.environment:checking '/home/cone/ws_offboard_control/install/px4_offboard_control/lib'
[46.487s] Level 1:colcon.colcon_core.environment:checking '/home/cone/ws_offboard_control/install/px4_offboard_control/bin'
[46.487s] Level 1:colcon.colcon_core.environment:checking '/home/cone/ws_offboard_control/install/px4_offboard_control/lib/pkgconfig/px4_offboard_control.pc'
[46.488s] Level 1:colcon.colcon_core.environment:checking '/home/cone/ws_offboard_control/install/px4_offboard_control/lib/python3.10/site-packages'
[46.489s] Level 1:colcon.colcon_core.environment:checking '/home/cone/ws_offboard_control/install/px4_offboard_control/bin'
[46.491s] INFO:colcon.colcon_core.shell:Creating package script '/home/cone/ws_offboard_control/install/px4_offboard_control/share/px4_offboard_control/package.ps1'
[46.495s] INFO:colcon.colcon_core.shell:Creating package descriptor '/home/cone/ws_offboard_control/install/px4_offboard_control/share/px4_offboard_control/package.dsv'
[46.497s] INFO:colcon.colcon_core.shell:Creating package script '/home/cone/ws_offboard_control/install/px4_offboard_control/share/px4_offboard_control/package.sh'
[46.501s] INFO:colcon.colcon_core.shell:Creating package script '/home/cone/ws_offboard_control/install/px4_offboard_control/share/px4_offboard_control/package.bash'
[46.505s] INFO:colcon.colcon_core.shell:Creating package script '/home/cone/ws_offboard_control/install/px4_offboard_control/share/px4_offboard_control/package.zsh'
[46.509s] Level 1:colcon.colcon_core.environment:create_file_with_runtime_dependencies(/home/cone/ws_offboard_control/install/px4_offboard_control/share/colcon-core/packages/px4_offboard_control)
[46.512s] Level 1:colcon.colcon_core.environment:create_environment_scripts_only(px4_offboard_control)
[46.513s] Level 1:colcon.colcon_core.environment:checking '/home/cone/ws_offboard_control/install/px4_offboard_control' for CMake module files
[46.517s] Level 1:colcon.colcon_core.environment:checking '/home/cone/ws_offboard_control/install/px4_offboard_control' for CMake config files
[46.520s] Level 1:colcon.colcon_core.shell:create_environment_hook('px4_offboard_control', 'cmake_prefix_path')
[46.521s] INFO:colcon.colcon_core.shell:Creating environment hook '/home/cone/ws_offboard_control/install/px4_offboard_control/share/px4_offboard_control/hook/cmake_prefix_path.ps1'
[46.523s] INFO:colcon.colcon_core.shell:Creating environment descriptor '/home/cone/ws_offboard_control/install/px4_offboard_control/share/px4_offboard_control/hook/cmake_prefix_path.dsv'
[46.525s] INFO:colcon.colcon_core.shell:Creating environment hook '/home/cone/ws_offboard_control/install/px4_offboard_control/share/px4_offboard_control/hook/cmake_prefix_path.sh'
[46.528s] Level 1:colcon.colcon_core.environment:checking '/home/cone/ws_offboard_control/install/px4_offboard_control/lib'
[46.529s] Level 1:colcon.colcon_core.environment:checking '/home/cone/ws_offboard_control/install/px4_offboard_control/bin'
[46.529s] Level 1:colcon.colcon_core.environment:checking '/home/cone/ws_offboard_control/install/px4_offboard_control/lib/pkgconfig/px4_offboard_control.pc'
[46.530s] Level 1:colcon.colcon_core.environment:checking '/home/cone/ws_offboard_control/install/px4_offboard_control/lib/python3.10/site-packages'
[46.531s] Level 1:colcon.colcon_core.environment:checking '/home/cone/ws_offboard_control/install/px4_offboard_control/bin'
[46.533s] INFO:colcon.colcon_core.shell:Creating package script '/home/cone/ws_offboard_control/install/px4_offboard_control/share/px4_offboard_control/package.ps1'
[46.535s] INFO:colcon.colcon_core.shell:Creating package descriptor '/home/cone/ws_offboard_control/install/px4_offboard_control/share/px4_offboard_control/package.dsv'
[46.538s] INFO:colcon.colcon_core.shell:Creating package script '/home/cone/ws_offboard_control/install/px4_offboard_control/share/px4_offboard_control/package.sh'
[46.541s] INFO:colcon.colcon_core.shell:Creating package script '/home/cone/ws_offboard_control/install/px4_offboard_control/share/px4_offboard_control/package.bash'
[46.543s] INFO:colcon.colcon_core.shell:Creating package script '/home/cone/ws_offboard_control/install/px4_offboard_control/share/px4_offboard_control/package.zsh'
[46.546s] Level 1:colcon.colcon_core.environment:create_file_with_runtime_dependencies(/home/cone/ws_offboard_control/install/px4_offboard_control/share/colcon-core/packages/px4_offboard_control)
[46.547s] DEBUG:colcon.colcon_parallel_executor.executor.parallel:closing loop
[46.549s] DEBUG:colcon.colcon_parallel_executor.executor.parallel:loop closed
[46.549s] DEBUG:colcon.colcon_parallel_executor.executor.parallel:run_until_complete finished with '0'
[46.549s] DEBUG:colcon.colcon_core.event_reactor:joining thread
[46.572s] INFO:colcon.colcon_core.plugin_system:Skipping extension 'colcon_notification.desktop_notification.terminal_notifier': Not used on non-Darwin systems
[46.572s] INFO:colcon.colcon_core.plugin_system:Skipping extension 'colcon_notification.desktop_notification.win32': Not used on non-Windows systems
[46.573s] INFO:colcon.colcon_notification.desktop_notification:Sending desktop notification using 'notify2'
[46.626s] DEBUG:colcon.colcon_core.event_reactor:joined thread
[46.628s] INFO:colcon.colcon_core.shell:Creating prefix script '/home/cone/ws_offboard_control/install/local_setup.ps1'
[46.633s] INFO:colcon.colcon_core.shell:Creating prefix util module '/home/cone/ws_offboard_control/install/_local_setup_util_ps1.py'
[46.641s] INFO:colcon.colcon_core.shell:Creating prefix chain script '/home/cone/ws_offboard_control/install/setup.ps1'
[46.647s] INFO:colcon.colcon_core.shell:Creating prefix script '/home/cone/ws_offboard_control/install/local_setup.sh'
[46.651s] INFO:colcon.colcon_core.shell:Creating prefix util module '/home/cone/ws_offboard_control/install/_local_setup_util_sh.py'
[46.654s] INFO:colcon.colcon_core.shell:Creating prefix chain script '/home/cone/ws_offboard_control/install/setup.sh'
[46.660s] INFO:colcon.colcon_core.shell:Creating prefix script '/home/cone/ws_offboard_control/install/local_setup.bash'
[46.663s] INFO:colcon.colcon_core.shell:Creating prefix chain script '/home/cone/ws_offboard_control/install/setup.bash'
[46.669s] INFO:colcon.colcon_core.shell:Creating prefix script '/home/cone/ws_offboard_control/install/local_setup.zsh'
[46.672s] INFO:colcon.colcon_core.shell:Creating prefix chain script '/home/cone/ws_offboard_control/install/setup.zsh'
