[0.069s] Invoking command in '/home/cone/ws_offboard_control/build/px4_offboard_control': CMAKE_PREFIX_PATH=/home/cone/ws_offboard_control/install/px4_msgs:/home/cone/ws_offboard_control/install/px4_offboard_control:/home/cone/ros2_ws/install/my_camera_pkg:/opt/ros/humble /usr/bin/cmake --build /home/cone/ws_offboard_control/build/px4_offboard_control -- -j4 -l4
[0.318s] [35m[1mConsolidate compiler generated dependencies of target offboard_control[0m
[0.387s] [ 50%] Built target get_pose
[0.432s] [ 75%] [32mBuilding CXX object CMakeFiles/offboard_control.dir/src/offboard_control.cpp.o[0m
[42.431s] [100%] [32m[1mLinking CXX executable offboard_control[0m
[45.121s] [100%] Built target offboard_control
[45.167s] Invoked command in '/home/cone/ws_offboard_control/build/px4_offboard_control' returned '0': CMAKE_PREFIX_PATH=/home/cone/ws_offboard_control/install/px4_msgs:/home/cone/ws_offboard_control/install/px4_offboard_control:/home/cone/ros2_ws/install/my_camera_pkg:/opt/ros/humble /usr/bin/cmake --build /home/cone/ws_offboard_control/build/px4_offboard_control -- -j4 -l4
[45.218s] Invoking command in '/home/cone/ws_offboard_control/build/px4_offboard_control': CMAKE_PREFIX_PATH=/home/cone/ws_offboard_control/install/px4_msgs:/home/cone/ws_offboard_control/install/px4_offboard_control:/home/cone/ros2_ws/install/my_camera_pkg:/opt/ros/humble /usr/bin/cmake --install /home/cone/ws_offboard_control/build/px4_offboard_control
[45.250s] -- Install configuration: ""
[45.252s] -- Execute custom install script
[45.254s] -- Up-to-date symlink: /home/cone/ws_offboard_control/install/px4_offboard_control/lib/px4_offboard_control/offboard_control
[45.255s] -- Up-to-date symlink: /home/cone/ws_offboard_control/install/px4_offboard_control/lib/px4_offboard_control/get_pose
[45.258s] -- Up-to-date symlink: /home/cone/ws_offboard_control/install/px4_offboard_control/share/ament_index/resource_index/package_run_dependencies/px4_offboard_control
[45.259s] -- Up-to-date symlink: /home/cone/ws_offboard_control/install/px4_offboard_control/share/ament_index/resource_index/parent_prefix_path/px4_offboard_control
[45.263s] -- Up-to-date symlink: /home/cone/ws_offboard_control/install/px4_offboard_control/share/px4_offboard_control/environment/ament_prefix_path.sh
[45.264s] -- Up-to-date symlink: /home/cone/ws_offboard_control/install/px4_offboard_control/share/px4_offboard_control/environment/ament_prefix_path.dsv
[45.265s] -- Up-to-date symlink: /home/cone/ws_offboard_control/install/px4_offboard_control/share/px4_offboard_control/environment/path.sh
[45.265s] -- Up-to-date symlink: /home/cone/ws_offboard_control/install/px4_offboard_control/share/px4_offboard_control/environment/path.dsv
[45.266s] -- Up-to-date symlink: /home/cone/ws_offboard_control/install/px4_offboard_control/share/px4_offboard_control/local_setup.bash
[45.266s] -- Up-to-date symlink: /home/cone/ws_offboard_control/install/px4_offboard_control/share/px4_offboard_control/local_setup.sh
[45.267s] -- Up-to-date symlink: /home/cone/ws_offboard_control/install/px4_offboard_control/share/px4_offboard_control/local_setup.zsh
[45.268s] -- Up-to-date symlink: /home/cone/ws_offboard_control/install/px4_offboard_control/share/px4_offboard_control/local_setup.dsv
[45.269s] -- Symlinking: /home/cone/ws_offboard_control/install/px4_offboard_control/share/px4_offboard_control/package.dsv
[45.305s] -- Up-to-date symlink: /home/cone/ws_offboard_control/install/px4_offboard_control/share/ament_index/resource_index/packages/px4_offboard_control
[45.306s] -- Up-to-date symlink: /home/cone/ws_offboard_control/install/px4_offboard_control/share/px4_offboard_control/cmake/ament_cmake_export_dependencies-extras.cmake
[45.308s] -- Up-to-date symlink: /home/cone/ws_offboard_control/install/px4_offboard_control/share/px4_offboard_control/cmake/px4_offboard_controlConfig.cmake
[45.309s] -- Up-to-date symlink: /home/cone/ws_offboard_control/install/px4_offboard_control/share/px4_offboard_control/cmake/px4_offboard_controlConfig-version.cmake
[45.310s] -- Up-to-date symlink: /home/cone/ws_offboard_control/install/px4_offboard_control/share/px4_offboard_control/package.xml
[45.317s] Invoked command in '/home/cone/ws_offboard_control/build/px4_offboard_control' returned '0': CMAKE_PREFIX_PATH=/home/cone/ws_offboard_control/install/px4_msgs:/home/cone/ws_offboard_control/install/px4_offboard_control:/home/cone/ros2_ws/install/my_camera_pkg:/opt/ros/humble /usr/bin/cmake --install /home/cone/ws_offboard_control/build/px4_offboard_control
