[0.543s] DEBUG:colcon:Command line arguments: ['/usr/bin/colcon', 'build', '--symlink-install', '--packages-select', 'px4_offboard_control']
[0.544s] DEBUG:colcon:Parsed command line arguments: Namespace(log_base=None, log_level=None, verb_name='build', build_base='build', install_base='install', merge_install=False, symlink_install=True, test_result_base=None, continue_on_error=False, executor='parallel', parallel_workers=4, event_handlers=None, ignore_user_meta=False, metas=['./colcon.meta'], base_paths=['.'], packages_ignore=None, packages_ignore_regex=None, paths=None, packages_up_to=None, packages_up_to_regex=None, packages_above=None, packages_above_and_dependencies=None, packages_above_depth=None, packages_select_by_dep=None, packages_skip_by_dep=None, packages_skip_up_to=None, packages_select_build_failed=False, packages_skip_build_finished=False, packages_select_test_failures=False, packages_skip_test_passed=False, packages_select=['px4_offboard_control'], packages_skip=None, packages_select_regex=None, packages_skip_regex=None, packages_start=None, packages_end=None, allow_overriding=[], cmake_args=None, cmake_target=None, cmake_target_skip_unavailable=False, cmake_clean_cache=False, cmake_clean_first=False, cmake_force_configure=False, ament_cmake_args=None, catkin_cmake_args=None, catkin_skip_building_tests=False, mixin_files=None, mixin=None, verb_parser=<colcon_mixin.mixin.mixin_argument.MixinArgumentDecorator object at 0xffff9726bbb0>, verb_extension=<colcon_core.verb.build.BuildVerb object at 0xffff9746cbe0>, main=<bound method BuildVerb.main of <colcon_core.verb.build.BuildVerb object at 0xffff9746cbe0>>, mixin_verb=('build',))
[0.739s] Level 1:colcon.colcon_core.package_discovery:discover_packages(colcon_meta) check parameters
[0.740s] Level 1:colcon.colcon_core.package_discovery:discover_packages(recursive) check parameters
[0.740s] Level 1:colcon.colcon_core.package_discovery:discover_packages(ignore) check parameters
[0.740s] Level 1:colcon.colcon_core.package_discovery:discover_packages(path) check parameters
[0.740s] Level 1:colcon.colcon_core.package_discovery:discover_packages(colcon_meta) discover
[0.741s] Level 1:colcon.colcon_core.package_discovery:discover_packages(recursive) discover
[0.741s] INFO:colcon.colcon_core.package_discovery:Crawling recursively for packages in '/home/cone/ws_offboard_control'
[0.741s] Level 1:colcon.colcon_core.package_identification:_identify(.) by extensions ['ignore', 'ignore_ament_install']
[0.742s] Level 1:colcon.colcon_core.package_identification:_identify(.) by extension 'ignore'
[0.742s] Level 1:colcon.colcon_core.package_identification:_identify(.) by extension 'ignore_ament_install'
[0.742s] Level 1:colcon.colcon_core.package_identification:_identify(.) by extensions ['colcon_pkg']
[0.743s] Level 1:colcon.colcon_core.package_identification:_identify(.) by extension 'colcon_pkg'
[0.743s] Level 1:colcon.colcon_core.package_identification:_identify(.) by extensions ['colcon_meta']
[0.743s] Level 1:colcon.colcon_core.package_identification:_identify(.) by extension 'colcon_meta'
[0.743s] Level 1:colcon.colcon_core.package_identification:_identify(.) by extensions ['ros']
[0.743s] Level 1:colcon.colcon_core.package_identification:_identify(.) by extension 'ros'
[0.812s] Level 1:colcon.colcon_core.package_identification:_identify(.) by extensions ['cmake', 'python']
[0.813s] Level 1:colcon.colcon_core.package_identification:_identify(.) by extension 'cmake'
[0.813s] Level 1:colcon.colcon_core.package_identification:_identify(.) by extension 'python'
[0.813s] Level 1:colcon.colcon_core.package_identification:_identify(.) by extensions ['python_setup_py']
[0.814s] Level 1:colcon.colcon_core.package_identification:_identify(.) by extension 'python_setup_py'
[0.814s] Level 1:colcon.colcon_core.package_identification:_identify(build) by extensions ['ignore', 'ignore_ament_install']
[0.815s] Level 1:colcon.colcon_core.package_identification:_identify(build) by extension 'ignore'
[0.815s] Level 1:colcon.colcon_core.package_identification:_identify(build) ignored
[0.816s] Level 1:colcon.colcon_core.package_identification:_identify(install) by extensions ['ignore', 'ignore_ament_install']
[0.816s] Level 1:colcon.colcon_core.package_identification:_identify(install) by extension 'ignore'
[0.816s] Level 1:colcon.colcon_core.package_identification:_identify(install) ignored
[0.817s] Level 1:colcon.colcon_core.package_identification:_identify(log) by extensions ['ignore', 'ignore_ament_install']
[0.818s] Level 1:colcon.colcon_core.package_identification:_identify(log) by extension 'ignore'
[0.818s] Level 1:colcon.colcon_core.package_identification:_identify(log) ignored
[0.818s] Level 1:colcon.colcon_core.package_identification:_identify(src) by extensions ['ignore', 'ignore_ament_install']
[0.819s] Level 1:colcon.colcon_core.package_identification:_identify(src) by extension 'ignore'
[0.819s] Level 1:colcon.colcon_core.package_identification:_identify(src) by extension 'ignore_ament_install'
[0.819s] Level 1:colcon.colcon_core.package_identification:_identify(src) by extensions ['colcon_pkg']
[0.819s] Level 1:colcon.colcon_core.package_identification:_identify(src) by extension 'colcon_pkg'
[0.820s] Level 1:colcon.colcon_core.package_identification:_identify(src) by extensions ['colcon_meta']
[0.820s] Level 1:colcon.colcon_core.package_identification:_identify(src) by extension 'colcon_meta'
[0.820s] Level 1:colcon.colcon_core.package_identification:_identify(src) by extensions ['ros']
[0.820s] Level 1:colcon.colcon_core.package_identification:_identify(src) by extension 'ros'
[0.820s] Level 1:colcon.colcon_core.package_identification:_identify(src) by extensions ['cmake', 'python']
[0.821s] Level 1:colcon.colcon_core.package_identification:_identify(src) by extension 'cmake'
[0.821s] Level 1:colcon.colcon_core.package_identification:_identify(src) by extension 'python'
[0.821s] Level 1:colcon.colcon_core.package_identification:_identify(src) by extensions ['python_setup_py']
[0.821s] Level 1:colcon.colcon_core.package_identification:_identify(src) by extension 'python_setup_py'
[0.822s] Level 1:colcon.colcon_core.package_identification:_identify(src/px4_msgs) by extensions ['ignore', 'ignore_ament_install']
[0.822s] Level 1:colcon.colcon_core.package_identification:_identify(src/px4_msgs) by extension 'ignore'
[0.823s] Level 1:colcon.colcon_core.package_identification:_identify(src/px4_msgs) by extension 'ignore_ament_install'
[0.823s] Level 1:colcon.colcon_core.package_identification:_identify(src/px4_msgs) by extensions ['colcon_pkg']
[0.823s] Level 1:colcon.colcon_core.package_identification:_identify(src/px4_msgs) by extension 'colcon_pkg'
[0.823s] Level 1:colcon.colcon_core.package_identification:_identify(src/px4_msgs) by extensions ['colcon_meta']
[0.823s] Level 1:colcon.colcon_core.package_identification:_identify(src/px4_msgs) by extension 'colcon_meta'
[0.824s] Level 1:colcon.colcon_core.package_identification:_identify(src/px4_msgs) by extensions ['ros']
[0.824s] Level 1:colcon.colcon_core.package_identification:_identify(src/px4_msgs) by extension 'ros'
[0.834s] DEBUG:colcon.colcon_core.package_identification:Package 'src/px4_msgs' with type 'ros.ament_cmake' and name 'px4_msgs'
[0.835s] Level 1:colcon.colcon_core.package_identification:_identify(src/px4_offboard_control) by extensions ['ignore', 'ignore_ament_install']
[0.836s] Level 1:colcon.colcon_core.package_identification:_identify(src/px4_offboard_control) by extension 'ignore'
[0.836s] Level 1:colcon.colcon_core.package_identification:_identify(src/px4_offboard_control) by extension 'ignore_ament_install'
[0.836s] Level 1:colcon.colcon_core.package_identification:_identify(src/px4_offboard_control) by extensions ['colcon_pkg']
[0.836s] Level 1:colcon.colcon_core.package_identification:_identify(src/px4_offboard_control) by extension 'colcon_pkg'
[0.837s] Level 1:colcon.colcon_core.package_identification:_identify(src/px4_offboard_control) by extensions ['colcon_meta']
[0.837s] Level 1:colcon.colcon_core.package_identification:_identify(src/px4_offboard_control) by extension 'colcon_meta'
[0.837s] Level 1:colcon.colcon_core.package_identification:_identify(src/px4_offboard_control) by extensions ['ros']
[0.837s] Level 1:colcon.colcon_core.package_identification:_identify(src/px4_offboard_control) by extension 'ros'
[0.840s] DEBUG:colcon.colcon_core.package_identification:Package 'src/px4_offboard_control' with type 'ros.ament_cmake' and name 'px4_offboard_control'
[0.841s] Level 1:colcon.colcon_core.package_discovery:discover_packages(recursive) using defaults
[0.841s] Level 1:colcon.colcon_core.package_discovery:discover_packages(ignore) discover
[0.841s] Level 1:colcon.colcon_core.package_discovery:discover_packages(ignore) using defaults
[0.841s] Level 1:colcon.colcon_core.package_discovery:discover_packages(path) discover
[0.841s] Level 1:colcon.colcon_core.package_discovery:discover_packages(path) using defaults
[0.930s] INFO:colcon.colcon_core.package_selection:Skipping not selected package 'px4_msgs' in 'src/px4_msgs'
[0.933s] Level 1:colcon.colcon_core.package_discovery:discover_packages(prefix_path) check parameters
[0.933s] Level 1:colcon.colcon_core.package_discovery:discover_packages(prefix_path) discover
[0.947s] DEBUG:colcon.colcon_installed_package_information.package_discovery:Found 2 installed packages in /home/cone/ws_offboard_control/install
[0.950s] DEBUG:colcon.colcon_installed_package_information.package_discovery:Found 1 installed packages in /home/cone/ros2_ws/install
[0.960s] DEBUG:colcon.colcon_installed_package_information.package_discovery:Found 282 installed packages in /opt/ros/humble
[0.968s] Level 1:colcon.colcon_core.package_discovery:discover_packages(prefix_path) using defaults
[1.170s] Level 5:colcon.colcon_core.verb:set package 'px4_offboard_control' build argument 'cmake_args' from command line to 'None'
[1.171s] Level 5:colcon.colcon_core.verb:set package 'px4_offboard_control' build argument 'cmake_target' from command line to 'None'
[1.171s] Level 5:colcon.colcon_core.verb:set package 'px4_offboard_control' build argument 'cmake_target_skip_unavailable' from command line to 'False'
[1.171s] Level 5:colcon.colcon_core.verb:set package 'px4_offboard_control' build argument 'cmake_clean_cache' from command line to 'False'
[1.171s] Level 5:colcon.colcon_core.verb:set package 'px4_offboard_control' build argument 'cmake_clean_first' from command line to 'False'
[1.171s] Level 5:colcon.colcon_core.verb:set package 'px4_offboard_control' build argument 'cmake_force_configure' from command line to 'False'
[1.172s] Level 5:colcon.colcon_core.verb:set package 'px4_offboard_control' build argument 'ament_cmake_args' from command line to 'None'
[1.172s] Level 5:colcon.colcon_core.verb:set package 'px4_offboard_control' build argument 'catkin_cmake_args' from command line to 'None'
[1.172s] Level 5:colcon.colcon_core.verb:set package 'px4_offboard_control' build argument 'catkin_skip_building_tests' from command line to 'False'
[1.172s] DEBUG:colcon.colcon_core.verb:Building package 'px4_offboard_control' with the following arguments: {'ament_cmake_args': None, 'build_base': '/home/cone/ws_offboard_control/build/px4_offboard_control', 'catkin_cmake_args': None, 'catkin_skip_building_tests': False, 'cmake_args': None, 'cmake_clean_cache': False, 'cmake_clean_first': False, 'cmake_force_configure': False, 'cmake_target': None, 'cmake_target_skip_unavailable': False, 'install_base': '/home/cone/ws_offboard_control/install/px4_offboard_control', 'merge_install': False, 'path': '/home/cone/ws_offboard_control/src/px4_offboard_control', 'symlink_install': True, 'test_result_base': None}
[1.173s] INFO:colcon.colcon_core.executor:Executing jobs using 'parallel' executor
[1.177s] DEBUG:colcon.colcon_parallel_executor.executor.parallel:run_until_complete
[1.178s] INFO:colcon.colcon_ros.task.ament_cmake.build:Building ROS package in '/home/cone/ws_offboard_control/src/px4_offboard_control' with build type 'ament_cmake'
[1.178s] INFO:colcon.colcon_cmake.task.cmake.build:Building CMake package in '/home/cone/ws_offboard_control/src/px4_offboard_control'
[1.191s] INFO:colcon.colcon_core.plugin_system:Skipping extension 'colcon_core.shell.bat': Not used on non-Windows systems
[1.192s] INFO:colcon.colcon_core.shell:Skip shell extension 'powershell' for command environment: Not usable outside of PowerShell
[1.192s] DEBUG:colcon.colcon_core.shell:Skip shell extension 'dsv' for command environment
[1.255s] DEBUG:colcon.colcon_core.event_handler.log_command:Invoking command in '/home/cone/ws_offboard_control/build/px4_offboard_control': CMAKE_PREFIX_PATH=/home/cone/ws_offboard_control/install/px4_msgs:/home/cone/ws_offboard_control/install/px4_offboard_control:/home/cone/ros2_ws/install/my_camera_pkg:/opt/ros/humble /usr/bin/cmake --build /home/cone/ws_offboard_control/build/px4_offboard_control -- -j4 -l4
[44.743s] DEBUG:colcon.colcon_core.event_handler.log_command:Invoked command in '/home/cone/ws_offboard_control/build/px4_offboard_control' returned '0': CMAKE_PREFIX_PATH=/home/cone/ws_offboard_control/install/px4_msgs:/home/cone/ws_offboard_control/install/px4_offboard_control:/home/cone/ros2_ws/install/my_camera_pkg:/opt/ros/humble /usr/bin/cmake --build /home/cone/ws_offboard_control/build/px4_offboard_control -- -j4 -l4
[44.791s] DEBUG:colcon.colcon_core.event_handler.log_command:Invoking command in '/home/cone/ws_offboard_control/build/px4_offboard_control': CMAKE_PREFIX_PATH=/home/cone/ws_offboard_control/install/px4_msgs:/home/cone/ws_offboard_control/install/px4_offboard_control:/home/cone/ros2_ws/install/my_camera_pkg:/opt/ros/humble /usr/bin/cmake --install /home/cone/ws_offboard_control/build/px4_offboard_control
[44.888s] Level 1:colcon.colcon_core.environment:create_environment_scripts_only(px4_offboard_control)
[44.890s] DEBUG:colcon.colcon_core.event_handler.log_command:Invoked command in '/home/cone/ws_offboard_control/build/px4_offboard_control' returned '0': CMAKE_PREFIX_PATH=/home/cone/ws_offboard_control/install/px4_msgs:/home/cone/ws_offboard_control/install/px4_offboard_control:/home/cone/ros2_ws/install/my_camera_pkg:/opt/ros/humble /usr/bin/cmake --install /home/cone/ws_offboard_control/build/px4_offboard_control
[44.902s] Level 1:colcon.colcon_core.environment:checking '/home/cone/ws_offboard_control/install/px4_offboard_control' for CMake module files
[44.906s] Level 1:colcon.colcon_core.environment:checking '/home/cone/ws_offboard_control/install/px4_offboard_control' for CMake config files
[44.909s] Level 1:colcon.colcon_core.shell:create_environment_hook('px4_offboard_control', 'cmake_prefix_path')
[44.911s] INFO:colcon.colcon_core.shell:Creating environment hook '/home/cone/ws_offboard_control/install/px4_offboard_control/share/px4_offboard_control/hook/cmake_prefix_path.ps1'
[44.914s] INFO:colcon.colcon_core.shell:Creating environment descriptor '/home/cone/ws_offboard_control/install/px4_offboard_control/share/px4_offboard_control/hook/cmake_prefix_path.dsv'
[44.916s] INFO:colcon.colcon_core.shell:Creating environment hook '/home/cone/ws_offboard_control/install/px4_offboard_control/share/px4_offboard_control/hook/cmake_prefix_path.sh'
[44.921s] Level 1:colcon.colcon_core.environment:checking '/home/cone/ws_offboard_control/install/px4_offboard_control/lib'
[44.922s] Level 1:colcon.colcon_core.environment:checking '/home/cone/ws_offboard_control/install/px4_offboard_control/bin'
[44.922s] Level 1:colcon.colcon_core.environment:checking '/home/cone/ws_offboard_control/install/px4_offboard_control/lib/pkgconfig/px4_offboard_control.pc'
[44.923s] Level 1:colcon.colcon_core.environment:checking '/home/cone/ws_offboard_control/install/px4_offboard_control/lib/python3.10/site-packages'
[44.924s] Level 1:colcon.colcon_core.environment:checking '/home/cone/ws_offboard_control/install/px4_offboard_control/bin'
[44.925s] INFO:colcon.colcon_core.shell:Creating package script '/home/cone/ws_offboard_control/install/px4_offboard_control/share/px4_offboard_control/package.ps1'
[44.929s] INFO:colcon.colcon_core.shell:Creating package descriptor '/home/cone/ws_offboard_control/install/px4_offboard_control/share/px4_offboard_control/package.dsv'
[44.932s] INFO:colcon.colcon_core.shell:Creating package script '/home/cone/ws_offboard_control/install/px4_offboard_control/share/px4_offboard_control/package.sh'
[44.936s] INFO:colcon.colcon_core.shell:Creating package script '/home/cone/ws_offboard_control/install/px4_offboard_control/share/px4_offboard_control/package.bash'
[44.940s] INFO:colcon.colcon_core.shell:Creating package script '/home/cone/ws_offboard_control/install/px4_offboard_control/share/px4_offboard_control/package.zsh'
[44.944s] Level 1:colcon.colcon_core.environment:create_file_with_runtime_dependencies(/home/cone/ws_offboard_control/install/px4_offboard_control/share/colcon-core/packages/px4_offboard_control)
[44.947s] Level 1:colcon.colcon_core.environment:create_environment_scripts_only(px4_offboard_control)
[44.948s] Level 1:colcon.colcon_core.environment:checking '/home/cone/ws_offboard_control/install/px4_offboard_control' for CMake module files
[44.952s] Level 1:colcon.colcon_core.environment:checking '/home/cone/ws_offboard_control/install/px4_offboard_control' for CMake config files
[44.955s] Level 1:colcon.colcon_core.shell:create_environment_hook('px4_offboard_control', 'cmake_prefix_path')
[44.956s] INFO:colcon.colcon_core.shell:Creating environment hook '/home/cone/ws_offboard_control/install/px4_offboard_control/share/px4_offboard_control/hook/cmake_prefix_path.ps1'
[44.959s] INFO:colcon.colcon_core.shell:Creating environment descriptor '/home/cone/ws_offboard_control/install/px4_offboard_control/share/px4_offboard_control/hook/cmake_prefix_path.dsv'
[44.961s] INFO:colcon.colcon_core.shell:Creating environment hook '/home/cone/ws_offboard_control/install/px4_offboard_control/share/px4_offboard_control/hook/cmake_prefix_path.sh'
[44.964s] Level 1:colcon.colcon_core.environment:checking '/home/cone/ws_offboard_control/install/px4_offboard_control/lib'
[44.964s] Level 1:colcon.colcon_core.environment:checking '/home/cone/ws_offboard_control/install/px4_offboard_control/bin'
[44.965s] Level 1:colcon.colcon_core.environment:checking '/home/cone/ws_offboard_control/install/px4_offboard_control/lib/pkgconfig/px4_offboard_control.pc'
[44.966s] Level 1:colcon.colcon_core.environment:checking '/home/cone/ws_offboard_control/install/px4_offboard_control/lib/python3.10/site-packages'
[44.967s] Level 1:colcon.colcon_core.environment:checking '/home/cone/ws_offboard_control/install/px4_offboard_control/bin'
[44.969s] INFO:colcon.colcon_core.shell:Creating package script '/home/cone/ws_offboard_control/install/px4_offboard_control/share/px4_offboard_control/package.ps1'
[44.971s] INFO:colcon.colcon_core.shell:Creating package descriptor '/home/cone/ws_offboard_control/install/px4_offboard_control/share/px4_offboard_control/package.dsv'
[44.974s] INFO:colcon.colcon_core.shell:Creating package script '/home/cone/ws_offboard_control/install/px4_offboard_control/share/px4_offboard_control/package.sh'
[44.976s] INFO:colcon.colcon_core.shell:Creating package script '/home/cone/ws_offboard_control/install/px4_offboard_control/share/px4_offboard_control/package.bash'
[44.979s] INFO:colcon.colcon_core.shell:Creating package script '/home/cone/ws_offboard_control/install/px4_offboard_control/share/px4_offboard_control/package.zsh'
[44.982s] Level 1:colcon.colcon_core.environment:create_file_with_runtime_dependencies(/home/cone/ws_offboard_control/install/px4_offboard_control/share/colcon-core/packages/px4_offboard_control)
[44.984s] DEBUG:colcon.colcon_parallel_executor.executor.parallel:closing loop
[44.985s] DEBUG:colcon.colcon_parallel_executor.executor.parallel:loop closed
[44.985s] DEBUG:colcon.colcon_parallel_executor.executor.parallel:run_until_complete finished with '0'
[44.986s] DEBUG:colcon.colcon_core.event_reactor:joining thread
[45.008s] INFO:colcon.colcon_core.plugin_system:Skipping extension 'colcon_notification.desktop_notification.terminal_notifier': Not used on non-Darwin systems
[45.008s] INFO:colcon.colcon_core.plugin_system:Skipping extension 'colcon_notification.desktop_notification.win32': Not used on non-Windows systems
[45.009s] INFO:colcon.colcon_notification.desktop_notification:Sending desktop notification using 'notify2'
[45.074s] DEBUG:colcon.colcon_core.event_reactor:joined thread
[45.075s] INFO:colcon.colcon_core.shell:Creating prefix script '/home/cone/ws_offboard_control/install/local_setup.ps1'
[45.082s] INFO:colcon.colcon_core.shell:Creating prefix util module '/home/cone/ws_offboard_control/install/_local_setup_util_ps1.py'
[45.092s] INFO:colcon.colcon_core.shell:Creating prefix chain script '/home/cone/ws_offboard_control/install/setup.ps1'
[45.100s] INFO:colcon.colcon_core.shell:Creating prefix script '/home/cone/ws_offboard_control/install/local_setup.sh'
[45.103s] INFO:colcon.colcon_core.shell:Creating prefix util module '/home/cone/ws_offboard_control/install/_local_setup_util_sh.py'
[45.106s] INFO:colcon.colcon_core.shell:Creating prefix chain script '/home/cone/ws_offboard_control/install/setup.sh'
[45.112s] INFO:colcon.colcon_core.shell:Creating prefix script '/home/cone/ws_offboard_control/install/local_setup.bash'
[45.115s] INFO:colcon.colcon_core.shell:Creating prefix chain script '/home/cone/ws_offboard_control/install/setup.bash'
[45.120s] INFO:colcon.colcon_core.shell:Creating prefix script '/home/cone/ws_offboard_control/install/local_setup.zsh'
[45.123s] INFO:colcon.colcon_core.shell:Creating prefix chain script '/home/cone/ws_offboard_control/install/setup.zsh'
