[0.055s] Invoking command in '/home/cone/ws_offboard_control/build/px4_offboard_control': CMAKE_PREFIX_PATH=/home/cone/ws_offboard_control/install/px4_msgs:/home/cone/ws_offboard_control/install/px4_offboard_control:/home/cone/ros2_ws/install/my_camera_pkg:/opt/ros/humble /usr/bin/cmake /home/cone/ws_offboard_control/src/px4_offboard_control -DCMAKE_INSTALL_PREFIX=/home/cone/ws_offboard_control/install/px4_offboard_control
[0.103s] -- Found ament_cmake: 1.3.11 (/opt/ros/humble/share/ament_cmake/cmake)
[0.727s] -- Override CMake install command with custom implementation using symlinks instead of copying resources
[0.763s] -- Found rclcpp: 16.0.12 (/opt/ros/humble/share/rclcpp/cmake)
[0.980s] -- Found rosidl_generator_c: 3.1.6 (/opt/ros/humble/share/rosidl_generator_c/cmake)
[0.992s] -- Found rosidl_adapter: 3.1.6 (/opt/ros/humble/share/rosidl_adapter/cmake)
[1.020s] -- Found rosidl_generator_cpp: 3.1.6 (/opt/ros/humble/share/rosidl_generator_cpp/cmake)
[1.065s] -- Using all available rosidl_typesupport_c: rosidl_typesupport_fastrtps_c;rosidl_typesupport_introspection_c
[1.123s] -- Using all available rosidl_typesupport_cpp: rosidl_typesupport_fastrtps_cpp;rosidl_typesupport_introspection_cpp
[1.270s] -- Found rmw_implementation_cmake: 6.1.2 (/opt/ros/humble/share/rmw_implementation_cmake/cmake)
[1.277s] -- Found rmw_fastrtps_cpp: 6.2.7 (/opt/ros/humble/share/rmw_fastrtps_cpp/cmake)
[2.539s] -- Using RMW implementation 'rmw_fastrtps_cpp' as default
[2.752s] -- Found px4_msgs: 2.0.1 (/home/cone/ws_offboard_control/install/px4_msgs/share/px4_msgs/cmake)
[2.805s] -- Found tf2: 0.25.12 (/opt/ros/humble/share/tf2/cmake)
[2.877s] -- Found tf2_geometry_msgs: 0.25.13 (/opt/ros/humble/share/tf2_geometry_msgs/cmake)
[2.892s] -- Found eigen3_cmake_module: 0.1.1 (/opt/ros/humble/share/eigen3_cmake_module/cmake)
[2.897s] -- Ensuring Eigen3 include directory is part of orocos-kdl CMake target
[3.250s] -- Found sensor_msgs: 4.8.0 (/opt/ros/humble/share/sensor_msgs/cmake)
[3.344s] -- Found ament_lint_auto: 0.12.12 (/opt/ros/humble/share/ament_lint_auto/cmake)
[3.722s] -- Added test 'cppcheck' to perform static code analysis on C / C++ code
[3.724s] -- Configured cppcheck include dirs: /home/cone/ws_offboard_control/src/px4_offboard_control/include;$<BUILD_INTERFACE:/home/cone/ws_offboard_control/src/px4_offboard_control/include>
[3.724s] -- Configured cppcheck exclude dirs and/or files: 
[3.729s] -- Added test 'flake8' to check Python code syntax and style conventions
[3.738s] -- Added test 'lint_cmake' to check CMake code style
[3.743s] -- Added test 'pep257' to check Python code against some of the docstring style conventions in PEP 257
[3.774s] -- Added test 'uncrustify' to check C / C++ code style
[3.775s] -- Configured uncrustify additional arguments: 
[3.780s] -- Added test 'xmllint' to check XML markup files
[3.789s] -- Configuring done
[3.900s] -- Generating done
[3.930s] -- Build files have been written to: /home/cone/ws_offboard_control/build/px4_offboard_control
[3.968s] Invoked command in '/home/cone/ws_offboard_control/build/px4_offboard_control' returned '0': CMAKE_PREFIX_PATH=/home/cone/ws_offboard_control/install/px4_msgs:/home/cone/ws_offboard_control/install/px4_offboard_control:/home/cone/ros2_ws/install/my_camera_pkg:/opt/ros/humble /usr/bin/cmake /home/cone/ws_offboard_control/src/px4_offboard_control -DCMAKE_INSTALL_PREFIX=/home/cone/ws_offboard_control/install/px4_offboard_control
[3.977s] Invoking command in '/home/cone/ws_offboard_control/build/px4_offboard_control': CMAKE_PREFIX_PATH=/home/cone/ws_offboard_control/install/px4_msgs:/home/cone/ws_offboard_control/install/px4_offboard_control:/home/cone/ros2_ws/install/my_camera_pkg:/opt/ros/humble /usr/bin/cmake --build /home/cone/ws_offboard_control/build/px4_offboard_control -- -j4 -l4
[4.176s] [35m[1mConsolidate compiler generated dependencies of target offboard_control[0m
[4.177s] [35m[1mConsolidate compiler generated dependencies of target offboard_control_default[0m
[4.225s] [ 16%] [32mBuilding CXX object CMakeFiles/get_pose.dir/src/get_pose.cpp.o[0m
[4.277s] [01m[K/home/cone/ws_offboard_control/src/px4_offboard_control/src/get_pose.cpp:1:10:[m[K [01;31m[Kfatal error: [m[Kpx4_msgs/msg/vehicle_odometry.hpp: No such file or directory
[4.278s]     1 | #include [01;31m[K<px4_msgs/msg/vehicle_odometry.hpp>[m[K
[4.279s]       |          [01;31m[K^~~~~~~~~~~~~~~~~~~~~~~~~~~~~~~~~~~[m[K
[4.279s] compilation terminated.
[4.289s] [ 50%] Built target offboard_control_default
[4.290s] gmake[2]: *** [CMakeFiles/get_pose.dir/build.make:76: CMakeFiles/get_pose.dir/src/get_pose.cpp.o] Error 1
[4.290s] [ 83%] Built target offboard_control
[4.291s] gmake[1]: *** [CMakeFiles/Makefile2:193: CMakeFiles/get_pose.dir/all] Error 2
[4.291s] gmake[1]: *** Waiting for unfinished jobs....
[4.293s] gmake: *** [Makefile:146: all] Error 2
[4.300s] Invoked command in '/home/cone/ws_offboard_control/build/px4_offboard_control' returned '2': CMAKE_PREFIX_PATH=/home/cone/ws_offboard_control/install/px4_msgs:/home/cone/ws_offboard_control/install/px4_offboard_control:/home/cone/ros2_ws/install/my_camera_pkg:/opt/ros/humble /usr/bin/cmake --build /home/cone/ws_offboard_control/build/px4_offboard_control -- -j4 -l4
