[0.137s] Invoking command in '/home/cone/ws_offboard_control/build/px4_offboard_control': CMAKE_PREFIX_PATH=/home/cone/ws_offboard_control/install/px4_msgs:/home/cone/ws_offboard_control/install/px4_offboard_control:/home/cone/ros2_ws/install/my_camera_pkg:/opt/ros/humble /usr/bin/cmake --build /home/cone/ws_offboard_control/build/px4_offboard_control -- -j4 -l4
[0.531s] [35m[1mConsolidate compiler generated dependencies of target offboard_control[0m
[0.660s] [ 50%] Built target get_pose
[0.742s] [ 75%] [32mBuilding CXX object CMakeFiles/offboard_control.dir/src/offboard_control.cpp.o[0m
[15.897s] In file included from [01m[K/opt/ros/humble/include/rclcpp/rclcpp/logging.hpp:24[m[K,
[15.898s]                  from [01m[K/opt/ros/humble/include/rclcpp/rclcpp/client.hpp:40[m[K,
[15.898s]                  from [01m[K/opt/ros/humble/include/rclcpp/rclcpp/callback_group.hpp:24[m[K,
[15.899s]                  from [01m[K/opt/ros/humble/include/rclcpp/rclcpp/any_executable.hpp:20[m[K,
[15.900s]                  from [01m[K/opt/ros/humble/include/rclcpp/rclcpp/memory_strategy.hpp:25[m[K,
[15.900s]                  from [01m[K/opt/ros/humble/include/rclcpp/rclcpp/memory_strategies.hpp:18[m[K,
[15.901s]                  from [01m[K/opt/ros/humble/include/rclcpp/rclcpp/executor_options.hpp:20[m[K,
[15.901s]                  from [01m[K/opt/ros/humble/include/rclcpp/rclcpp/executor.hpp:37[m[K,
[15.902s]                  from [01m[K/opt/ros/humble/include/rclcpp/rclcpp/executors/multi_threaded_executor.hpp:25[m[K,
[15.902s]                  from [01m[K/opt/ros/humble/include/rclcpp/rclcpp/executors.hpp:21[m[K,
[15.903s]                  from [01m[K/opt/ros/humble/include/rclcpp/rclcpp/rclcpp.hpp:155[m[K,
[15.903s]                  from [01m[K/home/cone/ws_offboard_control/src/px4_offboard_control/src/offboard_control.cpp:6[m[K:
[15.904s] [01m[K/home/cone/ws_offboard_control/src/px4_offboard_control/src/offboard_control.cpp:[m[K In member function ‘[01m[Kvoid OffboardControl::loop()[m[K’:
[15.904s] [01m[K/home/cone/ws_offboard_control/src/px4_offboard_control/src/offboard_control.cpp:146:94:[m[K [01;31m[Kerror: [m[K‘[01m[Kp[m[K’ was not declared in this scope
[15.905s]   146 | LCPP_INFO(this->get_logger(), "Current position (mavros): x=%.2f, y=%.2f, z=%.2f", [01;31m[Kp[m[K.x, p.y, p.z);
[15.905s]       |                                                                                    [01;31m[K^[m[K
[15.906s] 
[29.799s] gmake[2]: *** [CMakeFiles/offboard_control.dir/build.make:76: CMakeFiles/offboard_control.dir/src/offboard_control.cpp.o] Error 1
[29.802s] gmake[1]: *** [CMakeFiles/Makefile2:139: CMakeFiles/offboard_control.dir/all] Error 2
[29.803s] gmake: *** [Makefile:146: all] Error 2
[29.811s] Invoked command in '/home/cone/ws_offboard_control/build/px4_offboard_control' returned '2': CMAKE_PREFIX_PATH=/home/cone/ws_offboard_control/install/px4_msgs:/home/cone/ws_offboard_control/install/px4_offboard_control:/home/cone/ros2_ws/install/my_camera_pkg:/opt/ros/humble /usr/bin/cmake --build /home/cone/ws_offboard_control/build/px4_offboard_control -- -j4 -l4
